2022-11-30 07:48:19,637 INFO org.springframework.boot.StartupInfoLogger [main] Starting Application using Java 17.0.4.1 on D2035 with PID 16348 (D:\hmd-reorder\backend\target\classes started by D2035 in D:\hmd-reorder)
2022-11-30 07:48:19,646 INFO org.springframework.boot.SpringApplication [main] No active profile set, falling back to default profiles: default
2022-11-30 07:48:21,140 INFO org.springframework.boot.web.embedded.tomcat.TomcatWebServer [main] Tomcat initialized with port(s): 8082 (http)
2022-11-30 07:48:21,164 INFO org.apache.juli.logging.DirectJDKLog [main] Initializing ProtocolHandler ["http-nio-8082"]
2022-11-30 07:48:21,165 INFO org.apache.juli.logging.DirectJDKLog [main] Starting service [Tomcat]
2022-11-30 07:48:21,168 INFO org.apache.juli.logging.DirectJDKLog [main] Starting Servlet engine: [Apache Tomcat/9.0.41]
2022-11-30 07:48:21,280 INFO org.apache.juli.logging.DirectJDKLog [main] Initializing Spring embedded WebApplicationContext
2022-11-30 07:48:21,282 INFO org.springframework.boot.web.servlet.context.ServletWebServerApplicationContext [main] Root WebApplicationContext: initialization completed in 1570 ms
2022-11-30 07:48:22,002 INFO org.springframework.scheduling.concurrent.ExecutorConfigurationSupport [main] Initializing ExecutorService 'applicationTaskExecutor'
2022-11-30 07:48:22,289 INFO org.apache.juli.logging.DirectJDKLog [main] Starting ProtocolHandler ["http-nio-8082"]
2022-11-30 07:48:22,366 INFO org.springframework.boot.web.embedded.tomcat.TomcatWebServer [main] Tomcat started on port(s): 8082 (http) with context path ''
2022-11-30 07:48:22,381 INFO org.springframework.boot.StartupInfoLogger [main] Started Application in 3.204 seconds (JVM running for 3.804)
2022-11-30 07:50:39,831 INFO org.apache.juli.logging.DirectJDKLog [http-nio-8082-exec-1] Initializing Spring DispatcherServlet 'dispatcherServlet'
2022-11-30 07:50:39,833 INFO org.springframework.web.servlet.FrameworkServlet [http-nio-8082-exec-1] Initializing Servlet 'dispatcherServlet'
2022-11-30 07:50:39,835 INFO org.springframework.web.servlet.FrameworkServlet [http-nio-8082-exec-1] Completed initialization in 1 ms
2022-11-30 07:50:40,007 INFO com.zaxxer.hikari.HikariDataSource [http-nio-8082-exec-1] HikariPool-1 - Starting...
2022-11-30 07:50:40,401 INFO com.zaxxer.hikari.HikariDataSource [http-nio-8082-exec-1] HikariPool-1 - Start completed.
2022-11-30 07:50:40,537 DEBUG net.sf.log4jdbc.log.slf4j.Slf4jSpyLogDelegator [http-nio-8082-exec-1]  com.zaxxer.hikari.pool.ProxyPreparedStatement.execute(ProxyPreparedStatement.java:44)
1. SELECT  A.*
		    FROM    T10P_1010 A
		    WHERE   EMP_NO = '202204'
              AND    GRP_CD = '3900'
 {executed in 48 msec}
2022-11-30 07:50:40,869 DEBUG net.sf.log4jdbc.log.slf4j.Slf4jSpyLogDelegator [http-nio-8082-exec-2]  com.zaxxer.hikari.pool.ProxyPreparedStatement.execute(ProxyPreparedStatement.java:44)
1. SELECT DEPT_CD AS GRP_CD , DEPT_NM AS GRP_NM
                 FROM T10B_DEPT
                WHERE USE_YN = 'Y'
                  AND DEPT_CD NOT IN ('3800','4100','9000')
                ORDER BY DEPT_SORT
 {executed in 7 msec}
2022-11-30 07:50:43,445 DEBUG net.sf.log4jdbc.log.slf4j.Slf4jSpyLogDelegator [http-nio-8082-exec-4]  com.zaxxer.hikari.pool.ProxyPreparedStatement.execute(ProxyPreparedStatement.java:44)
1. SELECT  EMP_NO , ENM , ENTR_DT
		    FROM  T10P_1010 
		   WHERE  GRP_CD = '3100'
             AND  RSGN_DT = ' ' 
             AND  RT_ID = '2'
           ORDER BY POS_CD,EMP_NO
 {executed in 9 msec}
2022-11-30 07:50:55,127 DEBUG net.sf.log4jdbc.log.slf4j.Slf4jSpyLogDelegator [http-nio-8082-exec-8]  com.zaxxer.hikari.pool.ProxyPreparedStatement.execute(ProxyPreparedStatement.java:44)
1. SELECT  EMP_NO , ENM , ENTR_DT
		    FROM  T10P_1010 
		   WHERE  GRP_CD = '3100'
             AND  RSGN_DT = ' ' 
             AND  RT_ID = '2'
           ORDER BY POS_CD,EMP_NO
 {executed in 3 msec}
2022-11-30 08:18:08,282 DEBUG net.sf.log4jdbc.log.slf4j.Slf4jSpyLogDelegator [http-nio-8082-exec-5]  com.zaxxer.hikari.pool.ProxyPreparedStatement.execute(ProxyPreparedStatement.java:44)
1. SELECT  A.*
		    FROM    T10P_1010 A
		    WHERE   EMP_NO = '202204'
              AND    GRP_CD = '3900'
 {executed in 46 msec}
2022-11-30 08:18:08,450 DEBUG net.sf.log4jdbc.log.slf4j.Slf4jSpyLogDelegator [http-nio-8082-exec-6]  com.zaxxer.hikari.pool.ProxyPreparedStatement.execute(ProxyPreparedStatement.java:44)
1. SELECT DEPT_CD AS GRP_CD , DEPT_NM AS GRP_NM
                 FROM T10B_DEPT
                WHERE USE_YN = 'Y'
                  AND DEPT_CD NOT IN ('3800','4100','9000')
                ORDER BY DEPT_SORT
 {executed in 5 msec}
2022-11-30 08:18:13,092 DEBUG net.sf.log4jdbc.log.slf4j.Slf4jSpyLogDelegator [http-nio-8082-exec-1]  com.zaxxer.hikari.pool.ProxyPreparedStatement.execute(ProxyPreparedStatement.java:44)
1. SELECT  A.*
		    FROM    T10P_1010 A
		    WHERE   EMP_NO = '202204'
              AND    GRP_CD = '3900'
 {executed in 2 msec}
2022-11-30 08:18:13,199 DEBUG net.sf.log4jdbc.log.slf4j.Slf4jSpyLogDelegator [http-nio-8082-exec-2]  com.zaxxer.hikari.pool.ProxyPreparedStatement.execute(ProxyPreparedStatement.java:44)
1. SELECT DEPT_CD AS GRP_CD , DEPT_NM AS GRP_NM
                 FROM T10B_DEPT
                WHERE USE_YN = 'Y'
                  AND DEPT_CD NOT IN ('3800','4100','9000')
                ORDER BY DEPT_SORT
 {executed in 2 msec}
2022-11-30 08:18:16,829 DEBUG net.sf.log4jdbc.log.slf4j.Slf4jSpyLogDelegator [http-nio-8082-exec-7]  com.zaxxer.hikari.pool.ProxyPreparedStatement.execute(ProxyPreparedStatement.java:44)
1. SELECT DEPT_CD AS GRP_CD , DEPT_NM AS GRP_NM
                 FROM T10B_DEPT
                WHERE USE_YN = 'Y'
                  AND DEPT_CD NOT IN ('3800','4100','9000')
                ORDER BY DEPT_SORT
 {executed in 3 msec}
2022-11-30 08:18:18,457 DEBUG net.sf.log4jdbc.log.slf4j.Slf4jSpyLogDelegator [http-nio-8082-exec-4]  com.zaxxer.hikari.pool.ProxyPreparedStatement.execute(ProxyPreparedStatement.java:44)
1. SELECT DEPT_CD AS GRP_CD , DEPT_NM AS GRP_NM
                 FROM T10B_DEPT
                WHERE USE_YN = 'Y'
                  AND DEPT_CD NOT IN ('3800','4100','9000')
                ORDER BY DEPT_SORT
 {executed in 1 msec}
2022-11-30 08:18:20,422 DEBUG net.sf.log4jdbc.log.slf4j.Slf4jSpyLogDelegator [http-nio-8082-exec-9]  com.zaxxer.hikari.pool.ProxyPreparedStatement.execute(ProxyPreparedStatement.java:44)
1. SELECT DEPT_CD AS GRP_CD , DEPT_NM AS GRP_NM
                 FROM T10B_DEPT
                WHERE USE_YN = 'Y'
                  AND DEPT_CD NOT IN ('3800','4100','9000')
                ORDER BY DEPT_SORT
 {executed in 2 msec}
2022-11-30 08:18:21,986 DEBUG net.sf.log4jdbc.log.slf4j.Slf4jSpyLogDelegator [http-nio-8082-exec-8]  com.zaxxer.hikari.pool.ProxyPreparedStatement.execute(ProxyPreparedStatement.java:44)
1. SELECT DEPT_CD AS GRP_CD , DEPT_NM AS GRP_NM
                 FROM T10B_DEPT
                WHERE USE_YN = 'Y'
                  AND DEPT_CD NOT IN ('3800','4100','9000')
                ORDER BY DEPT_SORT
 {executed in 2 msec}
2022-11-30 08:18:23,813 DEBUG net.sf.log4jdbc.log.slf4j.Slf4jSpyLogDelegator [http-nio-8082-exec-5]  com.zaxxer.hikari.pool.ProxyPreparedStatement.execute(ProxyPreparedStatement.java:44)
1. SELECT DEPT_CD AS GRP_CD , DEPT_NM AS GRP_NM
                 FROM T10B_DEPT
                WHERE USE_YN = 'Y'
                  AND DEPT_CD NOT IN ('3800','4100','9000')
                ORDER BY DEPT_SORT
 {executed in 3 msec}
2022-11-30 08:20:18,893 DEBUG net.sf.log4jdbc.log.slf4j.Slf4jSpyLogDelegator [http-nio-8082-exec-10]  com.zaxxer.hikari.pool.ProxyPreparedStatement.execute(ProxyPreparedStatement.java:44)
2. SELECT  A.*
		    FROM    T10P_1010 A
		    WHERE   EMP_NO = '202204'
              AND    GRP_CD = '3900'
 {executed in 3 msec}
2022-11-30 08:20:19,100 DEBUG net.sf.log4jdbc.log.slf4j.Slf4jSpyLogDelegator [http-nio-8082-exec-1]  com.zaxxer.hikari.pool.ProxyPreparedStatement.execute(ProxyPreparedStatement.java:44)
2. SELECT DEPT_CD AS GRP_CD , DEPT_NM AS GRP_NM
                 FROM T10B_DEPT
                WHERE USE_YN = 'Y'
                  AND DEPT_CD NOT IN ('3800','4100','9000')
                ORDER BY DEPT_SORT
 {executed in 3 msec}
2022-11-30 08:20:22,124 DEBUG net.sf.log4jdbc.log.slf4j.Slf4jSpyLogDelegator [http-nio-8082-exec-2]  com.zaxxer.hikari.pool.ProxyPreparedStatement.execute(ProxyPreparedStatement.java:44)
2. SELECT DEPT_CD AS GRP_CD , DEPT_NM AS GRP_NM
                 FROM T10B_DEPT
                WHERE USE_YN = 'Y'
                  AND DEPT_CD NOT IN ('3800','4100','9000')
                ORDER BY DEPT_SORT
 {executed in 2 msec}
2022-11-30 08:20:33,042 DEBUG net.sf.log4jdbc.log.slf4j.Slf4jSpyLogDelegator [http-nio-8082-exec-4]  com.zaxxer.hikari.pool.ProxyPreparedStatement.execute(ProxyPreparedStatement.java:44)
2. SELECT  A.*
		    FROM    T10P_1010 A
		    WHERE   EMP_NO = ''
              AND    GRP_CD = ''
 {executed in 2 msec}
2022-11-30 08:20:37,134 DEBUG net.sf.log4jdbc.log.slf4j.Slf4jSpyLogDelegator [http-nio-8082-exec-9]  com.zaxxer.hikari.pool.ProxyPreparedStatement.execute(ProxyPreparedStatement.java:44)
11. SELECT  A.*
		    FROM    T10P_1010 A
		    WHERE   EMP_NO = '202204'
              AND    GRP_CD = '3900'
 {executed in 2 msec}
2022-11-30 08:20:37,320 DEBUG net.sf.log4jdbc.log.slf4j.Slf4jSpyLogDelegator [http-nio-8082-exec-8]  com.zaxxer.hikari.pool.ProxyPreparedStatement.execute(ProxyPreparedStatement.java:44)
11. SELECT DEPT_CD AS GRP_CD , DEPT_NM AS GRP_NM
                 FROM T10B_DEPT
                WHERE USE_YN = 'Y'
                  AND DEPT_CD NOT IN ('3800','4100','9000')
                ORDER BY DEPT_SORT
 {executed in 2 msec}
2022-11-30 08:21:54,640 DEBUG net.sf.log4jdbc.log.slf4j.Slf4jSpyLogDelegator [http-nio-8082-exec-6]  com.zaxxer.hikari.pool.ProxyPreparedStatement.execute(ProxyPreparedStatement.java:44)
11. SELECT  A.*
		    FROM    T10P_1010 A
		    WHERE   EMP_NO = '202204'
              AND    GRP_CD = '3900'
 {executed in 2 msec}
2022-11-30 08:21:54,766 DEBUG net.sf.log4jdbc.log.slf4j.Slf4jSpyLogDelegator [http-nio-8082-exec-10]  com.zaxxer.hikari.pool.ProxyPreparedStatement.execute(ProxyPreparedStatement.java:44)
11. SELECT DEPT_CD AS GRP_CD , DEPT_NM AS GRP_NM
                 FROM T10B_DEPT
                WHERE USE_YN = 'Y'
                  AND DEPT_CD NOT IN ('3800','4100','9000')
                ORDER BY DEPT_SORT
 {executed in 1 msec}
2022-11-30 08:21:56,864 DEBUG net.sf.log4jdbc.log.slf4j.Slf4jSpyLogDelegator [http-nio-8082-exec-2]  com.zaxxer.hikari.pool.ProxyPreparedStatement.execute(ProxyPreparedStatement.java:44)
11. SELECT  EMP_NO , ENM , ENTR_DT
		    FROM  T10P_1010 
		   WHERE  GRP_CD = '3200'
             AND  RSGN_DT = ' ' 
             AND  RT_ID = '2'
           ORDER BY POS_CD,EMP_NO
 {executed in 10 msec}
2022-11-30 08:29:00,487 DEBUG net.sf.log4jdbc.log.slf4j.Slf4jSpyLogDelegator [http-nio-8082-exec-4]  com.zaxxer.hikari.pool.ProxyPreparedStatement.execute(ProxyPreparedStatement.java:44)
11. SELECT DEPT_CD AS GRP_CD , DEPT_NM AS GRP_NM
                 FROM T10B_DEPT
                WHERE USE_YN = 'Y'
                  AND DEPT_CD NOT IN ('3800','4100','9000')
                ORDER BY DEPT_SORT
 {executed in 2 msec}
2022-11-30 08:29:03,859 DEBUG net.sf.log4jdbc.log.slf4j.Slf4jSpyLogDelegator [http-nio-8082-exec-8]  com.zaxxer.hikari.pool.ProxyPreparedStatement.execute(ProxyPreparedStatement.java:44)
11. SELECT  A.*
		    FROM    T10P_1010 A
		    WHERE   EMP_NO = ''
              AND    GRP_CD = ''
 {executed in 2 msec}
2022-11-30 08:33:20,855 DEBUG net.sf.log4jdbc.log.slf4j.Slf4jSpyLogDelegator [http-nio-8082-exec-5]  com.zaxxer.hikari.pool.ProxyPreparedStatement.execute(ProxyPreparedStatement.java:44)
11. SELECT  A.*
		    FROM    T10P_1010 A
		    WHERE   EMP_NO = '202204'
              AND    GRP_CD = '3900'
 {executed in 1 msec}
2022-11-30 08:33:21,035 DEBUG net.sf.log4jdbc.log.slf4j.Slf4jSpyLogDelegator [http-nio-8082-exec-6]  com.zaxxer.hikari.pool.ProxyPreparedStatement.execute(ProxyPreparedStatement.java:44)
11. SELECT DEPT_CD AS GRP_CD , DEPT_NM AS GRP_NM
                 FROM T10B_DEPT
                WHERE USE_YN = 'Y'
                  AND DEPT_CD NOT IN ('3800','4100','9000')
                ORDER BY DEPT_SORT
 {executed in 3 msec}
2022-11-30 08:33:32,631 DEBUG net.sf.log4jdbc.log.slf4j.Slf4jSpyLogDelegator [http-nio-8082-exec-1]  com.zaxxer.hikari.pool.ProxyPreparedStatement.execute(ProxyPreparedStatement.java:44)
11. SELECT  A.*
		    FROM    T10P_1010 A
		    WHERE   EMP_NO = '202204'
              AND    GRP_CD = '3900'
 {executed in 2 msec}
2022-11-30 08:33:32,809 DEBUG net.sf.log4jdbc.log.slf4j.Slf4jSpyLogDelegator [http-nio-8082-exec-2]  com.zaxxer.hikari.pool.ProxyPreparedStatement.execute(ProxyPreparedStatement.java:44)
11. SELECT DEPT_CD AS GRP_CD , DEPT_NM AS GRP_NM
                 FROM T10B_DEPT
                WHERE USE_YN = 'Y'
                  AND DEPT_CD NOT IN ('3800','4100','9000')
                ORDER BY DEPT_SORT
 {executed in 3 msec}
2022-11-30 08:37:06,202 DEBUG net.sf.log4jdbc.log.slf4j.Slf4jSpyLogDelegator [http-nio-8082-exec-4]  com.zaxxer.hikari.pool.ProxyPreparedStatement.execute(ProxyPreparedStatement.java:44)
11. SELECT  A.*
		    FROM    T10P_1010 A
		    WHERE   EMP_NO = '202204'
              AND    GRP_CD = '3900'
 {executed in 1 msec}
2022-11-30 08:37:06,388 DEBUG net.sf.log4jdbc.log.slf4j.Slf4jSpyLogDelegator [http-nio-8082-exec-9]  com.zaxxer.hikari.pool.ProxyPreparedStatement.execute(ProxyPreparedStatement.java:44)
11. SELECT DEPT_CD AS GRP_CD , DEPT_NM AS GRP_NM
                 FROM T10B_DEPT
                WHERE USE_YN = 'Y'
                  AND DEPT_CD NOT IN ('3800','4100','9000')
                ORDER BY DEPT_SORT
 {executed in 2 msec}
2022-11-30 09:43:10,839 INFO org.springframework.boot.StartupInfoLogger [main] Starting Application using Java 17.0.4.1 on D2035 with PID 12580 (D:\hmd-reorder\backend\target\classes started by D2035 in D:\hmd-reorder)
2022-11-30 09:43:10,853 INFO org.springframework.boot.SpringApplication [main] No active profile set, falling back to default profiles: default
2022-11-30 09:43:12,337 INFO org.springframework.boot.web.embedded.tomcat.TomcatWebServer [main] Tomcat initialized with port(s): 8082 (http)
2022-11-30 09:43:12,353 INFO org.apache.juli.logging.DirectJDKLog [main] Initializing ProtocolHandler ["http-nio-8082"]
2022-11-30 09:43:12,354 INFO org.apache.juli.logging.DirectJDKLog [main] Starting service [Tomcat]
2022-11-30 09:43:12,356 INFO org.apache.juli.logging.DirectJDKLog [main] Starting Servlet engine: [Apache Tomcat/9.0.41]
2022-11-30 09:43:12,476 INFO org.apache.juli.logging.DirectJDKLog [main] Initializing Spring embedded WebApplicationContext
2022-11-30 09:43:12,478 INFO org.springframework.boot.web.servlet.context.ServletWebServerApplicationContext [main] Root WebApplicationContext: initialization completed in 1559 ms
2022-11-30 09:43:13,747 INFO org.springframework.scheduling.concurrent.ExecutorConfigurationSupport [main] Initializing ExecutorService 'applicationTaskExecutor'
2022-11-30 09:43:14,117 INFO org.apache.juli.logging.DirectJDKLog [main] Starting ProtocolHandler ["http-nio-8082"]
2022-11-30 09:43:14,207 INFO org.springframework.boot.web.embedded.tomcat.TomcatWebServer [main] Tomcat started on port(s): 8082 (http) with context path ''
2022-11-30 09:43:14,221 INFO org.springframework.boot.StartupInfoLogger [main] Started Application in 3.837 seconds (JVM running for 4.442)
2022-11-30 09:43:56,451 INFO org.apache.juli.logging.DirectJDKLog [http-nio-8082-exec-1] Initializing Spring DispatcherServlet 'dispatcherServlet'
2022-11-30 09:43:56,453 INFO org.springframework.web.servlet.FrameworkServlet [http-nio-8082-exec-1] Initializing Servlet 'dispatcherServlet'
2022-11-30 09:43:56,454 INFO org.springframework.web.servlet.FrameworkServlet [http-nio-8082-exec-1] Completed initialization in 1 ms
2022-11-30 09:43:56,542 INFO com.zaxxer.hikari.HikariDataSource [http-nio-8082-exec-1] HikariPool-1 - Starting...
2022-11-30 09:43:56,924 INFO com.zaxxer.hikari.HikariDataSource [http-nio-8082-exec-1] HikariPool-1 - Start completed.
2022-11-30 09:43:57,102 DEBUG net.sf.log4jdbc.log.slf4j.Slf4jSpyLogDelegator [http-nio-8082-exec-1]  com.zaxxer.hikari.pool.ProxyPreparedStatement.execute(ProxyPreparedStatement.java:44)
1. SELECT DEPT_CD AS GRP_CD , DEPT_NM AS GRP_NM
                 FROM T10B_DEPT
                WHERE USE_YN = 'Y'
                  AND DEPT_CD NOT IN ('3800','4100','9000')
                ORDER BY DEPT_SORT
 {executed in 66 msec}
2022-11-30 10:20:20,529 DEBUG net.sf.log4jdbc.log.slf4j.Slf4jSpyLogDelegator [http-nio-8082-exec-6]  com.zaxxer.hikari.pool.ProxyPreparedStatement.execute(ProxyPreparedStatement.java:44)
11. SELECT  A.*
		    FROM    T10P_1010 A
		    WHERE   EMP_NO = '202204'
              AND    GRP_CD = '3900'
 {executed in 742 msec}
2022-11-30 10:20:20,893 DEBUG net.sf.log4jdbc.log.slf4j.Slf4jSpyLogDelegator [http-nio-8082-exec-7]  com.zaxxer.hikari.pool.ProxyPreparedStatement.execute(ProxyPreparedStatement.java:44)
11. SELECT DEPT_CD AS GRP_CD , DEPT_NM AS GRP_NM
                 FROM T10B_DEPT
                WHERE USE_YN = 'Y'
                  AND DEPT_CD NOT IN ('3800','4100','9000')
                ORDER BY DEPT_SORT
 {executed in 5 msec}
2022-11-30 13:40:52,196 INFO org.springframework.boot.StartupInfoLogger [main] Starting Application using Java 17.0.4.1 on D2035 with PID 11456 (D:\hmd-reorder\backend\target\classes started by D2035 in D:\hmd-reorder)
2022-11-30 13:40:52,218 INFO org.springframework.boot.SpringApplication [main] No active profile set, falling back to default profiles: default
2022-11-30 13:40:54,399 INFO org.springframework.boot.web.embedded.tomcat.TomcatWebServer [main] Tomcat initialized with port(s): 8082 (http)
2022-11-30 13:40:54,440 INFO org.apache.juli.logging.DirectJDKLog [main] Initializing ProtocolHandler ["http-nio-8082"]
2022-11-30 13:40:54,441 INFO org.apache.juli.logging.DirectJDKLog [main] Starting service [Tomcat]
2022-11-30 13:40:54,443 INFO org.apache.juli.logging.DirectJDKLog [main] Starting Servlet engine: [Apache Tomcat/9.0.41]
2022-11-30 13:40:54,643 INFO org.apache.juli.logging.DirectJDKLog [main] Initializing Spring embedded WebApplicationContext
2022-11-30 13:40:54,644 INFO org.springframework.boot.web.servlet.context.ServletWebServerApplicationContext [main] Root WebApplicationContext: initialization completed in 2328 ms
2022-11-30 13:40:55,601 INFO org.springframework.scheduling.concurrent.ExecutorConfigurationSupport [main] Initializing ExecutorService 'applicationTaskExecutor'
2022-11-30 13:40:55,910 INFO org.apache.juli.logging.DirectJDKLog [main] Starting ProtocolHandler ["http-nio-8082"]
2022-11-30 13:40:55,997 INFO org.springframework.boot.web.embedded.tomcat.TomcatWebServer [main] Tomcat started on port(s): 8082 (http) with context path ''
2022-11-30 13:40:56,013 INFO org.springframework.boot.StartupInfoLogger [main] Started Application in 4.269 seconds (JVM running for 4.917)
2022-11-30 13:41:29,748 INFO org.apache.juli.logging.DirectJDKLog [http-nio-8082-exec-3] Initializing Spring DispatcherServlet 'dispatcherServlet'
2022-11-30 13:41:29,750 INFO org.springframework.web.servlet.FrameworkServlet [http-nio-8082-exec-3] Initializing Servlet 'dispatcherServlet'
2022-11-30 13:41:29,752 INFO org.springframework.web.servlet.FrameworkServlet [http-nio-8082-exec-3] Completed initialization in 1 ms
2022-11-30 13:41:29,873 INFO com.zaxxer.hikari.HikariDataSource [http-nio-8082-exec-3] HikariPool-1 - Starting...
2022-11-30 13:41:30,162 INFO com.zaxxer.hikari.HikariDataSource [http-nio-8082-exec-3] HikariPool-1 - Start completed.
2022-11-30 13:41:30,303 DEBUG net.sf.log4jdbc.log.slf4j.Slf4jSpyLogDelegator [http-nio-8082-exec-3]  com.zaxxer.hikari.pool.ProxyPreparedStatement.execute(ProxyPreparedStatement.java:44)
1. SELECT  A.*
		    FROM    T10P_1010 A
		    WHERE   EMP_NO = '202204'
              AND    GRP_CD = '3900'
 {executed in 56 msec}
2022-11-30 13:41:30,429 DEBUG net.sf.log4jdbc.log.slf4j.Slf4jSpyLogDelegator [http-nio-8082-exec-4]  com.zaxxer.hikari.pool.ProxyPreparedStatement.execute(ProxyPreparedStatement.java:44)
1. SELECT DEPT_CD AS GRP_CD , DEPT_NM AS GRP_NM
                 FROM T10B_DEPT
                WHERE USE_YN = 'Y'
                  AND DEPT_CD NOT IN ('3800','4100','9000')
                ORDER BY DEPT_SORT
 {executed in 6 msec}
2022-11-30 13:41:33,313 DEBUG net.sf.log4jdbc.log.slf4j.Slf4jSpyLogDelegator [http-nio-8082-exec-9]  com.zaxxer.hikari.pool.ProxyPreparedStatement.execute(ProxyPreparedStatement.java:44)
1. SELECT  EMP_NO , ENM , ENTR_DT
		    FROM  T10P_1010 
		   WHERE  GRP_CD = '3100'
             AND  RSGN_DT = ' ' 
             AND  RT_ID = '2'
           ORDER BY POS_CD,EMP_NO
 {executed in 7 msec}
2022-11-30 13:55:10,398 DEBUG net.sf.log4jdbc.log.slf4j.Slf4jSpyLogDelegator [http-nio-8082-exec-1]  com.zaxxer.hikari.pool.ProxyPreparedStatement.execute(ProxyPreparedStatement.java:44)
1. SELECT DEPT_CD AS GRP_CD , DEPT_NM AS GRP_NM
                 FROM T10B_DEPT
                WHERE USE_YN = 'Y'
                  AND DEPT_CD NOT IN ('3800','4100','9000')
                ORDER BY DEPT_SORT
 {executed in 3 msec}
2022-11-30 13:55:32,657 DEBUG net.sf.log4jdbc.log.slf4j.Slf4jSpyLogDelegator [http-nio-8082-exec-6]  com.zaxxer.hikari.pool.ProxyPreparedStatement.execute(ProxyPreparedStatement.java:44)
1. SELECT DEPT_CD AS GRP_CD , DEPT_NM AS GRP_NM
                 FROM T10B_DEPT
                WHERE USE_YN = 'Y'
                  AND DEPT_CD NOT IN ('3800','4100','9000')
                ORDER BY DEPT_SORT
 {executed in 2 msec}
2022-11-30 13:55:37,961 DEBUG net.sf.log4jdbc.log.slf4j.Slf4jSpyLogDelegator [http-nio-8082-exec-8]  com.zaxxer.hikari.pool.ProxyPreparedStatement.execute(ProxyPreparedStatement.java:44)
1. SELECT DEPT_CD AS GRP_CD , DEPT_NM AS GRP_NM
                 FROM T10B_DEPT
                WHERE USE_YN = 'Y'
                  AND DEPT_CD NOT IN ('3800','4100','9000')
                ORDER BY DEPT_SORT
 {executed in 2 msec}
2022-11-30 13:55:40,577 DEBUG net.sf.log4jdbc.log.slf4j.Slf4jSpyLogDelegator [http-nio-8082-exec-3]  com.zaxxer.hikari.pool.ProxyPreparedStatement.execute(ProxyPreparedStatement.java:44)
1. SELECT  EMP_NO , ENM , ENTR_DT
		    FROM  T10P_1010 
		   WHERE  GRP_CD = '3100'
             AND  RSGN_DT = ' ' 
             AND  RT_ID = '2'
           ORDER BY POS_CD,EMP_NO
 {executed in 4 msec}
2022-11-30 13:57:20,328 DEBUG net.sf.log4jdbc.log.slf4j.Slf4jSpyLogDelegator [http-nio-8082-exec-5]  com.zaxxer.hikari.pool.ProxyPreparedStatement.execute(ProxyPreparedStatement.java:44)
1. SELECT DEPT_CD AS GRP_CD , DEPT_NM AS GRP_NM
                 FROM T10B_DEPT
                WHERE USE_YN = 'Y'
                  AND DEPT_CD NOT IN ('3800','4100','9000')
                ORDER BY DEPT_SORT
 {executed in 64 msec}
2022-11-30 13:57:31,865 DEBUG net.sf.log4jdbc.log.slf4j.Slf4jSpyLogDelegator [http-nio-8082-exec-10]  com.zaxxer.hikari.pool.ProxyPreparedStatement.execute(ProxyPreparedStatement.java:44)
1. SELECT DEPT_CD AS GRP_CD , DEPT_NM AS GRP_NM
                 FROM T10B_DEPT
                WHERE USE_YN = 'Y'
                  AND DEPT_CD NOT IN ('3800','4100','9000')
                ORDER BY DEPT_SORT
 {executed in 2 msec}
2022-11-30 13:57:36,228 DEBUG net.sf.log4jdbc.log.slf4j.Slf4jSpyLogDelegator [http-nio-8082-exec-1]  com.zaxxer.hikari.pool.ProxyPreparedStatement.execute(ProxyPreparedStatement.java:44)
1. SELECT  EMP_NO , ENM , ENTR_DT
		    FROM  T10P_1010 
		   WHERE  GRP_CD = '3100'
             AND  RSGN_DT = ' ' 
             AND  RT_ID = '2'
           ORDER BY POS_CD,EMP_NO
 {executed in 4 msec}
2022-11-30 14:00:46,465 DEBUG net.sf.log4jdbc.log.slf4j.Slf4jSpyLogDelegator [http-nio-8082-exec-6]  com.zaxxer.hikari.pool.ProxyPreparedStatement.execute(ProxyPreparedStatement.java:44)
1. SELECT DEPT_CD AS GRP_CD , DEPT_NM AS GRP_NM
                 FROM T10B_DEPT
                WHERE USE_YN = 'Y'
                  AND DEPT_CD NOT IN ('3800','4100','9000')
                ORDER BY DEPT_SORT
 {executed in 1 msec}
2022-11-30 14:00:49,203 DEBUG net.sf.log4jdbc.log.slf4j.Slf4jSpyLogDelegator [http-nio-8082-exec-7]  com.zaxxer.hikari.pool.ProxyPreparedStatement.execute(ProxyPreparedStatement.java:44)
1. SELECT  EMP_NO , ENM , ENTR_DT
		    FROM  T10P_1010 
		   WHERE  GRP_CD = '3100'
             AND  RSGN_DT = ' ' 
             AND  RT_ID = '2'
           ORDER BY POS_CD,EMP_NO
 {executed in 4 msec}
2022-11-30 14:10:07,428 DEBUG net.sf.log4jdbc.log.slf4j.Slf4jSpyLogDelegator [http-nio-8082-exec-3]  com.zaxxer.hikari.pool.ProxyPreparedStatement.execute(ProxyPreparedStatement.java:44)
1. SELECT DEPT_CD AS GRP_CD , DEPT_NM AS GRP_NM
                 FROM T10B_DEPT
                WHERE USE_YN = 'Y'
                  AND DEPT_CD NOT IN ('3800','4100','9000')
                ORDER BY DEPT_SORT
 {executed in 2 msec}
2022-11-30 14:10:11,936 DEBUG net.sf.log4jdbc.log.slf4j.Slf4jSpyLogDelegator [http-nio-8082-exec-5]  com.zaxxer.hikari.pool.ProxyPreparedStatement.execute(ProxyPreparedStatement.java:44)
1. SELECT DEPT_CD AS GRP_CD , DEPT_NM AS GRP_NM
                 FROM T10B_DEPT
                WHERE USE_YN = 'Y'
                  AND DEPT_CD NOT IN ('3800','4100','9000')
                ORDER BY DEPT_SORT
 {executed in 2 msec}
2022-11-30 14:10:14,475 DEBUG net.sf.log4jdbc.log.slf4j.Slf4jSpyLogDelegator [http-nio-8082-exec-10]  com.zaxxer.hikari.pool.ProxyPreparedStatement.execute(ProxyPreparedStatement.java:44)
1. SELECT  EMP_NO , ENM , ENTR_DT
		    FROM  T10P_1010 
		   WHERE  GRP_CD = '3100'
             AND  RSGN_DT = ' ' 
             AND  RT_ID = '2'
           ORDER BY POS_CD,EMP_NO
 {executed in 4 msec}
2022-11-30 14:10:27,379 DEBUG net.sf.log4jdbc.log.slf4j.Slf4jSpyLogDelegator [http-nio-8082-exec-2]  com.zaxxer.hikari.pool.ProxyPreparedStatement.execute(ProxyPreparedStatement.java:44)
1. SELECT DEPT_CD AS GRP_CD , DEPT_NM AS GRP_NM
                 FROM T10B_DEPT
                WHERE USE_YN = 'Y'
                  AND DEPT_CD NOT IN ('3800','4100','9000')
                ORDER BY DEPT_SORT
 {executed in 2 msec}
2022-11-30 14:10:42,596 DEBUG net.sf.log4jdbc.log.slf4j.Slf4jSpyLogDelegator [http-nio-8082-exec-7]  com.zaxxer.hikari.pool.ProxyPreparedStatement.execute(ProxyPreparedStatement.java:44)
1. SELECT DEPT_CD AS GRP_CD , DEPT_NM AS GRP_NM
                 FROM T10B_DEPT
                WHERE USE_YN = 'Y'
                  AND DEPT_CD NOT IN ('3800','4100','9000')
                ORDER BY DEPT_SORT
 {executed in 3 msec}
2022-11-30 14:10:50,551 DEBUG net.sf.log4jdbc.log.slf4j.Slf4jSpyLogDelegator [http-nio-8082-exec-3]  com.zaxxer.hikari.pool.ProxyPreparedStatement.execute(ProxyPreparedStatement.java:44)
1. SELECT DEPT_CD AS GRP_CD , DEPT_NM AS GRP_NM
                 FROM T10B_DEPT
                WHERE USE_YN = 'Y'
                  AND DEPT_CD NOT IN ('3800','4100','9000')
                ORDER BY DEPT_SORT
 {executed in 3 msec}
2022-11-30 14:10:57,723 DEBUG net.sf.log4jdbc.log.slf4j.Slf4jSpyLogDelegator [http-nio-8082-exec-4]  com.zaxxer.hikari.pool.ProxyPreparedStatement.execute(ProxyPreparedStatement.java:44)
1. SELECT  A.*
		    FROM    T10P_1010 A
		    WHERE   EMP_NO = '202204'
              AND    GRP_CD = '3900'
 {executed in 5 msec}
2022-11-30 14:10:57,748 DEBUG net.sf.log4jdbc.log.slf4j.Slf4jSpyLogDelegator [http-nio-8082-exec-5]  com.zaxxer.hikari.pool.ProxyPreparedStatement.execute(ProxyPreparedStatement.java:44)
1. SELECT DEPT_CD AS GRP_CD , DEPT_NM AS GRP_NM
                 FROM T10B_DEPT
                WHERE USE_YN = 'Y'
                  AND DEPT_CD NOT IN ('3800','4100','9000')
                ORDER BY DEPT_SORT
 {executed in 2 msec}
2022-11-30 14:11:30,154 DEBUG net.sf.log4jdbc.log.slf4j.Slf4jSpyLogDelegator [http-nio-8082-exec-10]  com.zaxxer.hikari.pool.ProxyPreparedStatement.execute(ProxyPreparedStatement.java:44)
11. SELECT  EMP_NO , ENM , ENTR_DT
		    FROM  T10P_1010 
		   WHERE  GRP_CD = '4700'
             AND  RSGN_DT = ' ' 
             AND  RT_ID = '2'
           ORDER BY POS_CD,EMP_NO
 {executed in 7 msec}
2022-11-30 14:11:31,599 DEBUG net.sf.log4jdbc.log.slf4j.Slf4jSpyLogDelegator [http-nio-8082-exec-1]  com.zaxxer.hikari.pool.ProxyPreparedStatement.execute(ProxyPreparedStatement.java:44)
11. SELECT  EMP_NO , ENM , ENTR_DT
		    FROM  T10P_1010 
		   WHERE  GRP_CD = '3100'
             AND  RSGN_DT = ' ' 
             AND  RT_ID = '2'
           ORDER BY POS_CD,EMP_NO
 {executed in 7 msec}
2022-11-30 14:12:28,636 WARN org.springframework.web.servlet.handler.AbstractHandlerExceptionResolver [http-nio-8082-exec-2] Resolved [org.springframework.http.converter.HttpMessageNotReadableException: Required request body is missing: public void com.hmd.reorder.controller.ReorderController.updateReorder(java.util.Map<java.lang.String, java.lang.Object>) throws java.lang.Exception]
2022-11-30 14:13:04,635 DEBUG net.sf.log4jdbc.log.slf4j.Slf4jSpyLogDelegator [http-nio-8082-exec-6]  com.zaxxer.hikari.pool.ProxyPreparedStatement.execute(ProxyPreparedStatement.java:44)
11. SELECT DEPT_CD AS GRP_CD , DEPT_NM AS GRP_NM
                 FROM T10B_DEPT
                WHERE USE_YN = 'Y'
                  AND DEPT_CD NOT IN ('3800','4100','9000')
                ORDER BY DEPT_SORT
 {executed in 1 msec}
2022-11-30 14:13:21,123 DEBUG net.sf.log4jdbc.log.slf4j.Slf4jSpyLogDelegator [http-nio-8082-exec-8]  com.zaxxer.hikari.pool.ProxyPreparedStatement.execute(ProxyPreparedStatement.java:44)
11. SELECT DEPT_CD AS GRP_CD , DEPT_NM AS GRP_NM
                 FROM T10B_DEPT
                WHERE USE_YN = 'Y'
                  AND DEPT_CD NOT IN ('3800','4100','9000')
                ORDER BY DEPT_SORT
 {executed in 2 msec}
2022-11-30 14:16:44,734 DEBUG net.sf.log4jdbc.log.slf4j.Slf4jSpyLogDelegator [http-nio-8082-exec-4]  com.zaxxer.hikari.pool.ProxyPreparedStatement.execute(ProxyPreparedStatement.java:44)
11. SELECT DEPT_CD AS GRP_CD , DEPT_NM AS GRP_NM
                 FROM T10B_DEPT
                WHERE USE_YN = 'Y'
                  AND DEPT_CD NOT IN ('3800','4100','9000')
                ORDER BY DEPT_SORT
 {executed in 1 msec}
2022-11-30 14:20:21,924 DEBUG net.sf.log4jdbc.log.slf4j.Slf4jSpyLogDelegator [http-nio-8082-exec-10]  com.zaxxer.hikari.pool.ProxyPreparedStatement.execute(ProxyPreparedStatement.java:44)
11. SELECT  EMP_NO , ENM , ENTR_DT
		    FROM  T10P_1010 
		   WHERE  GRP_CD = '3100'
             AND  RSGN_DT = ' ' 
             AND  RT_ID = '2'
           ORDER BY POS_CD,EMP_NO
 {executed in 5 msec}
2022-11-30 14:22:12,759 DEBUG net.sf.log4jdbc.log.slf4j.Slf4jSpyLogDelegator [http-nio-8082-exec-2]  com.zaxxer.hikari.pool.ProxyPreparedStatement.execute(ProxyPreparedStatement.java:44)
11. SELECT DEPT_CD AS GRP_CD , DEPT_NM AS GRP_NM
                 FROM T10B_DEPT
                WHERE USE_YN = 'Y'
                  AND DEPT_CD NOT IN ('3800','4100','9000')
                ORDER BY DEPT_SORT
 {executed in 3 msec}
2022-11-30 14:23:50,452 DEBUG net.sf.log4jdbc.log.slf4j.Slf4jSpyLogDelegator [http-nio-8082-exec-7]  com.zaxxer.hikari.pool.ProxyPreparedStatement.execute(ProxyPreparedStatement.java:44)
11. SELECT  EMP_NO , ENM , ENTR_DT
		    FROM  T10P_1010 
		   WHERE  GRP_CD = '3100'
             AND  RSGN_DT = ' ' 
             AND  RT_ID = '2'
           ORDER BY POS_CD,EMP_NO
 {executed in 3 msec}
2022-11-30 14:28:09,851 DEBUG net.sf.log4jdbc.log.slf4j.Slf4jSpyLogDelegator [http-nio-8082-exec-3]  com.zaxxer.hikari.pool.ProxyPreparedStatement.execute(ProxyPreparedStatement.java:44)
11. SELECT DEPT_CD AS GRP_CD , DEPT_NM AS GRP_NM
                 FROM T10B_DEPT
                WHERE USE_YN = 'Y'
                  AND DEPT_CD NOT IN ('3800','4100','9000')
                ORDER BY DEPT_SORT
 {executed in 2 msec}
2022-11-30 14:28:19,983 DEBUG net.sf.log4jdbc.log.slf4j.Slf4jSpyLogDelegator [http-nio-8082-exec-5]  com.zaxxer.hikari.pool.ProxyPreparedStatement.execute(ProxyPreparedStatement.java:44)
11. SELECT  EMP_NO , ENM , ENTR_DT
		    FROM  T10P_1010 
		   WHERE  GRP_CD = '4600'
             AND  RSGN_DT = ' ' 
             AND  RT_ID = '2'
           ORDER BY POS_CD,EMP_NO
 {executed in 706 msec}
2022-11-30 14:31:13,560 DEBUG net.sf.log4jdbc.log.slf4j.Slf4jSpyLogDelegator [http-nio-8082-exec-10]  com.zaxxer.hikari.pool.ProxyPreparedStatement.execute(ProxyPreparedStatement.java:44)
11. SELECT DEPT_CD AS GRP_CD , DEPT_NM AS GRP_NM
                 FROM T10B_DEPT
                WHERE USE_YN = 'Y'
                  AND DEPT_CD NOT IN ('3800','4100','9000')
                ORDER BY DEPT_SORT
 {executed in 2 msec}
2022-11-30 14:31:20,503 DEBUG net.sf.log4jdbc.log.slf4j.Slf4jSpyLogDelegator [http-nio-8082-exec-2]  com.zaxxer.hikari.pool.ProxyPreparedStatement.execute(ProxyPreparedStatement.java:44)
11. SELECT  EMP_NO , ENM , ENTR_DT
		    FROM  T10P_1010 
		   WHERE  GRP_CD = '4600'
             AND  RSGN_DT = ' ' 
             AND  RT_ID = '2'
           ORDER BY POS_CD,EMP_NO
 {executed in 3 msec}
2022-11-30 14:31:23,669 DEBUG net.sf.log4jdbc.log.slf4j.Slf4jSpyLogDelegator [http-nio-8082-exec-6]  com.zaxxer.hikari.pool.ProxyPreparedStatement.execute(ProxyPreparedStatement.java:44)
11. SELECT  EMP_NO , ENM , ENTR_DT
		    FROM  T10P_1010 
		   WHERE  GRP_CD = '3100'
             AND  RSGN_DT = ' ' 
             AND  RT_ID = '2'
           ORDER BY POS_CD,EMP_NO
 {executed in 4 msec}
2022-11-30 14:31:29,628 WARN org.springframework.web.servlet.handler.AbstractHandlerExceptionResolver [http-nio-8082-exec-7] Resolved [org.springframework.http.converter.HttpMessageNotReadableException: Required request body is missing: public void com.hmd.reorder.controller.ReorderController.updateReorder(java.util.Map<java.lang.String, java.lang.Object>) throws java.lang.Exception]
2022-11-30 14:32:36,794 DEBUG net.sf.log4jdbc.log.slf4j.Slf4jSpyLogDelegator [http-nio-8082-exec-8]  com.zaxxer.hikari.pool.ProxyPreparedStatement.execute(ProxyPreparedStatement.java:44)
11. SELECT DEPT_CD AS GRP_CD , DEPT_NM AS GRP_NM
                 FROM T10B_DEPT
                WHERE USE_YN = 'Y'
                  AND DEPT_CD NOT IN ('3800','4100','9000')
                ORDER BY DEPT_SORT
 {executed in 1 msec}
2022-11-30 14:32:40,626 DEBUG net.sf.log4jdbc.log.slf4j.Slf4jSpyLogDelegator [http-nio-8082-exec-4]  com.zaxxer.hikari.pool.ProxyPreparedStatement.execute(ProxyPreparedStatement.java:44)
11. SELECT  EMP_NO , ENM , ENTR_DT
		    FROM  T10P_1010 
		   WHERE  GRP_CD = '3100'
             AND  RSGN_DT = ' ' 
             AND  RT_ID = '2'
           ORDER BY POS_CD,EMP_NO
 {executed in 3 msec}
2022-11-30 14:32:49,131 ERROR net.sf.log4jdbc.log.slf4j.Slf4jSpyLogDelegator [http-nio-8082-exec-9] 11. PreparedStatement.setNull(1, 1111)
java.sql.SQLException: Invalid column type: 1111
	at oracle.jdbc.driver.OracleStatement.getInternalType(OracleStatement.java:4121)
	at oracle.jdbc.driver.OraclePreparedStatement.setNullCritical(OraclePreparedStatement.java:4208)
	at oracle.jdbc.driver.OraclePreparedStatement.setNull(OraclePreparedStatement.java:4192)
	at oracle.jdbc.driver.OraclePreparedStatementWrapper.setNull(OraclePreparedStatementWrapper.java:1010)
	at net.sf.log4jdbc.sql.jdbcapi.PreparedStatementSpy.setNull(PreparedStatementSpy.java:266)
	at com.zaxxer.hikari.pool.HikariProxyPreparedStatement.setNull(HikariProxyPreparedStatement.java)
	at org.apache.ibatis.type.BaseTypeHandler.setParameter(BaseTypeHandler.java:65)
	at org.apache.ibatis.scripting.defaults.DefaultParameterHandler.setParameters(DefaultParameterHandler.java:87)
	at org.apache.ibatis.executor.statement.PreparedStatementHandler.parameterize(PreparedStatementHandler.java:94)
	at org.apache.ibatis.executor.statement.RoutingStatementHandler.parameterize(RoutingStatementHandler.java:64)
	at org.apache.ibatis.executor.SimpleExecutor.prepareStatement(SimpleExecutor.java:88)
	at org.apache.ibatis.executor.SimpleExecutor.doUpdate(SimpleExecutor.java:49)
	at org.apache.ibatis.executor.BaseExecutor.update(BaseExecutor.java:117)
	at org.apache.ibatis.executor.CachingExecutor.update(CachingExecutor.java:76)
	at org.apache.ibatis.session.defaults.DefaultSqlSession.update(DefaultSqlSession.java:197)
	at java.base/jdk.internal.reflect.NativeMethodAccessorImpl.invoke0(Native Method)
	at java.base/jdk.internal.reflect.NativeMethodAccessorImpl.invoke(Unknown Source)
	at java.base/jdk.internal.reflect.DelegatingMethodAccessorImpl.invoke(Unknown Source)
	at java.base/java.lang.reflect.Method.invoke(Unknown Source)
	at org.mybatis.spring.SqlSessionTemplate$SqlSessionInterceptor.invoke(SqlSessionTemplate.java:426)
	at jdk.proxy2/jdk.proxy2.$Proxy52.update(Unknown Source)
	at org.mybatis.spring.SqlSessionTemplate.update(SqlSessionTemplate.java:287)
	at org.apache.ibatis.binding.MapperMethod.execute(MapperMethod.java:67)
	at org.apache.ibatis.binding.MapperProxy$PlainMethodInvoker.invoke(MapperProxy.java:152)
	at org.apache.ibatis.binding.MapperProxy.invoke(MapperProxy.java:85)
	at jdk.proxy2/jdk.proxy2.$Proxy56.updateReorder(Unknown Source)
	at com.hmd.reorder.service.ReorderService.updateReorder(ReorderService.java:30)
	at com.hmd.reorder.controller.ReorderController.updateReorder(ReorderController.java:39)
	at java.base/jdk.internal.reflect.NativeMethodAccessorImpl.invoke0(Native Method)
	at java.base/jdk.internal.reflect.NativeMethodAccessorImpl.invoke(Unknown Source)
	at java.base/jdk.internal.reflect.DelegatingMethodAccessorImpl.invoke(Unknown Source)
	at java.base/java.lang.reflect.Method.invoke(Unknown Source)
	at org.springframework.web.method.support.InvocableHandlerMethod.doInvoke(InvocableHandlerMethod.java:197)
	at org.springframework.web.method.support.InvocableHandlerMethod.invokeForRequest(InvocableHandlerMethod.java:141)
	at org.springframework.web.servlet.mvc.method.annotation.ServletInvocableHandlerMethod.invokeAndHandle(ServletInvocableHandlerMethod.java:106)
	at org.springframework.web.servlet.mvc.method.annotation.RequestMappingHandlerAdapter.invokeHandlerMethod(RequestMappingHandlerAdapter.java:894)
	at org.springframework.web.servlet.mvc.method.annotation.RequestMappingHandlerAdapter.handleInternal(RequestMappingHandlerAdapter.java:808)
	at org.springframework.web.servlet.mvc.method.AbstractHandlerMethodAdapter.handle(AbstractHandlerMethodAdapter.java:87)
	at org.springframework.web.servlet.DispatcherServlet.doDispatch(DispatcherServlet.java:1061)
	at org.springframework.web.servlet.DispatcherServlet.doService(DispatcherServlet.java:961)
	at org.springframework.web.servlet.FrameworkServlet.processRequest(FrameworkServlet.java:1006)
	at org.springframework.web.servlet.FrameworkServlet.doPost(FrameworkServlet.java:909)
	at javax.servlet.http.HttpServlet.service(HttpServlet.java:652)
	at org.springframework.web.servlet.FrameworkServlet.service(FrameworkServlet.java:883)
	at javax.servlet.http.HttpServlet.service(HttpServlet.java:733)
	at org.apache.catalina.core.ApplicationFilterChain.internalDoFilter(ApplicationFilterChain.java:231)
	at org.apache.catalina.core.ApplicationFilterChain.doFilter(ApplicationFilterChain.java:166)
	at org.apache.tomcat.websocket.server.WsFilter.doFilter(WsFilter.java:53)
	at org.apache.catalina.core.ApplicationFilterChain.internalDoFilter(ApplicationFilterChain.java:193)
	at org.apache.catalina.core.ApplicationFilterChain.doFilter(ApplicationFilterChain.java:166)
	at org.springframework.web.filter.RequestContextFilter.doFilterInternal(RequestContextFilter.java:100)
	at org.springframework.web.filter.OncePerRequestFilter.doFilter(OncePerRequestFilter.java:119)
	at org.apache.catalina.core.ApplicationFilterChain.internalDoFilter(ApplicationFilterChain.java:193)
	at org.apache.catalina.core.ApplicationFilterChain.doFilter(ApplicationFilterChain.java:166)
	at org.springframework.web.filter.FormContentFilter.doFilterInternal(FormContentFilter.java:93)
	at org.springframework.web.filter.OncePerRequestFilter.doFilter(OncePerRequestFilter.java:119)
	at org.apache.catalina.core.ApplicationFilterChain.internalDoFilter(ApplicationFilterChain.java:193)
	at org.apache.catalina.core.ApplicationFilterChain.doFilter(ApplicationFilterChain.java:166)
	at org.springframework.web.filter.CharacterEncodingFilter.doFilterInternal(CharacterEncodingFilter.java:201)
	at org.springframework.web.filter.OncePerRequestFilter.doFilter(OncePerRequestFilter.java:119)
	at org.apache.catalina.core.ApplicationFilterChain.internalDoFilter(ApplicationFilterChain.java:193)
	at org.apache.catalina.core.ApplicationFilterChain.doFilter(ApplicationFilterChain.java:166)
	at org.apache.catalina.core.StandardWrapperValve.invoke(StandardWrapperValve.java:202)
	at org.apache.catalina.core.StandardContextValve.invoke(StandardContextValve.java:97)
	at org.apache.catalina.authenticator.AuthenticatorBase.invoke(AuthenticatorBase.java:542)
	at org.apache.catalina.core.StandardHostValve.invoke(StandardHostValve.java:143)
	at org.apache.catalina.valves.ErrorReportValve.invoke(ErrorReportValve.java:92)
	at org.apache.catalina.core.StandardEngineValve.invoke(StandardEngineValve.java:78)
	at org.apache.catalina.connector.CoyoteAdapter.service(CoyoteAdapter.java:343)
	at org.apache.coyote.http11.Http11Processor.service(Http11Processor.java:374)
	at org.apache.coyote.AbstractProcessorLight.process(AbstractProcessorLight.java:65)
	at org.apache.coyote.AbstractProtocol$ConnectionHandler.process(AbstractProtocol.java:888)
	at org.apache.tomcat.util.net.NioEndpoint$SocketProcessor.doRun(NioEndpoint.java:1597)
	at org.apache.tomcat.util.net.SocketProcessorBase.run(SocketProcessorBase.java:49)
	at java.base/java.util.concurrent.ThreadPoolExecutor.runWorker(Unknown Source)
	at java.base/java.util.concurrent.ThreadPoolExecutor$Worker.run(Unknown Source)
	at org.apache.tomcat.util.threads.TaskThread$WrappingRunnable.run(TaskThread.java:61)
	at java.base/java.lang.Thread.run(Unknown Source)
2022-11-30 14:32:49,170 ERROR org.apache.juli.logging.DirectJDKLog [http-nio-8082-exec-9] Servlet.service() for servlet [dispatcherServlet] in context with path [] threw exception [Request processing failed; nested exception is org.mybatis.spring.MyBatisSystemException: nested exception is org.apache.ibatis.type.TypeException: Could not set parameters for mapping: ParameterMapping{property='REORDER_QTY', mode=IN, javaType=class java.lang.Object, jdbcType=null, numericScale=null, resultMapId='null', jdbcTypeName='null', expression='null'}. Cause: org.apache.ibatis.type.TypeException: Error setting null for parameter #1 with JdbcType OTHER . Try setting a different JdbcType for this parameter or a different jdbcTypeForNull configuration property. Cause: java.sql.SQLException: Invalid column type: 1111] with root cause
java.sql.SQLException: Invalid column type: 1111
	at oracle.jdbc.driver.OracleStatement.getInternalType(OracleStatement.java:4121)
	at oracle.jdbc.driver.OraclePreparedStatement.setNullCritical(OraclePreparedStatement.java:4208)
	at oracle.jdbc.driver.OraclePreparedStatement.setNull(OraclePreparedStatement.java:4192)
	at oracle.jdbc.driver.OraclePreparedStatementWrapper.setNull(OraclePreparedStatementWrapper.java:1010)
	at net.sf.log4jdbc.sql.jdbcapi.PreparedStatementSpy.setNull(PreparedStatementSpy.java:266)
	at com.zaxxer.hikari.pool.HikariProxyPreparedStatement.setNull(HikariProxyPreparedStatement.java)
	at org.apache.ibatis.type.BaseTypeHandler.setParameter(BaseTypeHandler.java:65)
	at org.apache.ibatis.scripting.defaults.DefaultParameterHandler.setParameters(DefaultParameterHandler.java:87)
	at org.apache.ibatis.executor.statement.PreparedStatementHandler.parameterize(PreparedStatementHandler.java:94)
	at org.apache.ibatis.executor.statement.RoutingStatementHandler.parameterize(RoutingStatementHandler.java:64)
	at org.apache.ibatis.executor.SimpleExecutor.prepareStatement(SimpleExecutor.java:88)
	at org.apache.ibatis.executor.SimpleExecutor.doUpdate(SimpleExecutor.java:49)
	at org.apache.ibatis.executor.BaseExecutor.update(BaseExecutor.java:117)
	at org.apache.ibatis.executor.CachingExecutor.update(CachingExecutor.java:76)
	at org.apache.ibatis.session.defaults.DefaultSqlSession.update(DefaultSqlSession.java:197)
	at java.base/jdk.internal.reflect.NativeMethodAccessorImpl.invoke0(Native Method)
	at java.base/jdk.internal.reflect.NativeMethodAccessorImpl.invoke(Unknown Source)
	at java.base/jdk.internal.reflect.DelegatingMethodAccessorImpl.invoke(Unknown Source)
	at java.base/java.lang.reflect.Method.invoke(Unknown Source)
	at org.mybatis.spring.SqlSessionTemplate$SqlSessionInterceptor.invoke(SqlSessionTemplate.java:426)
	at jdk.proxy2/jdk.proxy2.$Proxy52.update(Unknown Source)
	at org.mybatis.spring.SqlSessionTemplate.update(SqlSessionTemplate.java:287)
	at org.apache.ibatis.binding.MapperMethod.execute(MapperMethod.java:67)
	at org.apache.ibatis.binding.MapperProxy$PlainMethodInvoker.invoke(MapperProxy.java:152)
	at org.apache.ibatis.binding.MapperProxy.invoke(MapperProxy.java:85)
	at jdk.proxy2/jdk.proxy2.$Proxy56.updateReorder(Unknown Source)
	at com.hmd.reorder.service.ReorderService.updateReorder(ReorderService.java:30)
	at com.hmd.reorder.controller.ReorderController.updateReorder(ReorderController.java:39)
	at java.base/jdk.internal.reflect.NativeMethodAccessorImpl.invoke0(Native Method)
	at java.base/jdk.internal.reflect.NativeMethodAccessorImpl.invoke(Unknown Source)
	at java.base/jdk.internal.reflect.DelegatingMethodAccessorImpl.invoke(Unknown Source)
	at java.base/java.lang.reflect.Method.invoke(Unknown Source)
	at org.springframework.web.method.support.InvocableHandlerMethod.doInvoke(InvocableHandlerMethod.java:197)
	at org.springframework.web.method.support.InvocableHandlerMethod.invokeForRequest(InvocableHandlerMethod.java:141)
	at org.springframework.web.servlet.mvc.method.annotation.ServletInvocableHandlerMethod.invokeAndHandle(ServletInvocableHandlerMethod.java:106)
	at org.springframework.web.servlet.mvc.method.annotation.RequestMappingHandlerAdapter.invokeHandlerMethod(RequestMappingHandlerAdapter.java:894)
	at org.springframework.web.servlet.mvc.method.annotation.RequestMappingHandlerAdapter.handleInternal(RequestMappingHandlerAdapter.java:808)
	at org.springframework.web.servlet.mvc.method.AbstractHandlerMethodAdapter.handle(AbstractHandlerMethodAdapter.java:87)
	at org.springframework.web.servlet.DispatcherServlet.doDispatch(DispatcherServlet.java:1061)
	at org.springframework.web.servlet.DispatcherServlet.doService(DispatcherServlet.java:961)
	at org.springframework.web.servlet.FrameworkServlet.processRequest(FrameworkServlet.java:1006)
	at org.springframework.web.servlet.FrameworkServlet.doPost(FrameworkServlet.java:909)
	at javax.servlet.http.HttpServlet.service(HttpServlet.java:652)
	at org.springframework.web.servlet.FrameworkServlet.service(FrameworkServlet.java:883)
	at javax.servlet.http.HttpServlet.service(HttpServlet.java:733)
	at org.apache.catalina.core.ApplicationFilterChain.internalDoFilter(ApplicationFilterChain.java:231)
	at org.apache.catalina.core.ApplicationFilterChain.doFilter(ApplicationFilterChain.java:166)
	at org.apache.tomcat.websocket.server.WsFilter.doFilter(WsFilter.java:53)
	at org.apache.catalina.core.ApplicationFilterChain.internalDoFilter(ApplicationFilterChain.java:193)
	at org.apache.catalina.core.ApplicationFilterChain.doFilter(ApplicationFilterChain.java:166)
	at org.springframework.web.filter.RequestContextFilter.doFilterInternal(RequestContextFilter.java:100)
	at org.springframework.web.filter.OncePerRequestFilter.doFilter(OncePerRequestFilter.java:119)
	at org.apache.catalina.core.ApplicationFilterChain.internalDoFilter(ApplicationFilterChain.java:193)
	at org.apache.catalina.core.ApplicationFilterChain.doFilter(ApplicationFilterChain.java:166)
	at org.springframework.web.filter.FormContentFilter.doFilterInternal(FormContentFilter.java:93)
	at org.springframework.web.filter.OncePerRequestFilter.doFilter(OncePerRequestFilter.java:119)
	at org.apache.catalina.core.ApplicationFilterChain.internalDoFilter(ApplicationFilterChain.java:193)
	at org.apache.catalina.core.ApplicationFilterChain.doFilter(ApplicationFilterChain.java:166)
	at org.springframework.web.filter.CharacterEncodingFilter.doFilterInternal(CharacterEncodingFilter.java:201)
	at org.springframework.web.filter.OncePerRequestFilter.doFilter(OncePerRequestFilter.java:119)
	at org.apache.catalina.core.ApplicationFilterChain.internalDoFilter(ApplicationFilterChain.java:193)
	at org.apache.catalina.core.ApplicationFilterChain.doFilter(ApplicationFilterChain.java:166)
	at org.apache.catalina.core.StandardWrapperValve.invoke(StandardWrapperValve.java:202)
	at org.apache.catalina.core.StandardContextValve.invoke(StandardContextValve.java:97)
	at org.apache.catalina.authenticator.AuthenticatorBase.invoke(AuthenticatorBase.java:542)
	at org.apache.catalina.core.StandardHostValve.invoke(StandardHostValve.java:143)
	at org.apache.catalina.valves.ErrorReportValve.invoke(ErrorReportValve.java:92)
	at org.apache.catalina.core.StandardEngineValve.invoke(StandardEngineValve.java:78)
	at org.apache.catalina.connector.CoyoteAdapter.service(CoyoteAdapter.java:343)
	at org.apache.coyote.http11.Http11Processor.service(Http11Processor.java:374)
	at org.apache.coyote.AbstractProcessorLight.process(AbstractProcessorLight.java:65)
	at org.apache.coyote.AbstractProtocol$ConnectionHandler.process(AbstractProtocol.java:888)
	at org.apache.tomcat.util.net.NioEndpoint$SocketProcessor.doRun(NioEndpoint.java:1597)
	at org.apache.tomcat.util.net.SocketProcessorBase.run(SocketProcessorBase.java:49)
	at java.base/java.util.concurrent.ThreadPoolExecutor.runWorker(Unknown Source)
	at java.base/java.util.concurrent.ThreadPoolExecutor$Worker.run(Unknown Source)
	at org.apache.tomcat.util.threads.TaskThread$WrappingRunnable.run(TaskThread.java:61)
	at java.base/java.lang.Thread.run(Unknown Source)
2022-11-30 14:36:14,351 DEBUG net.sf.log4jdbc.log.slf4j.Slf4jSpyLogDelegator [http-nio-8082-exec-10]  com.zaxxer.hikari.pool.ProxyPreparedStatement.execute(ProxyPreparedStatement.java:44)
11. SELECT DEPT_CD AS GRP_CD , DEPT_NM AS GRP_NM
                 FROM T10B_DEPT
                WHERE USE_YN = 'Y'
                  AND DEPT_CD NOT IN ('3800','4100','9000')
                ORDER BY DEPT_SORT
 {executed in 2 msec}
2022-11-30 14:36:39,089 INFO org.springframework.boot.StartupInfoLogger [main] Starting Application using Java 17.0.4.1 on D2035 with PID 14476 (D:\hmd-reorder\backend\target\classes started by D2035 in D:\hmd-reorder)
2022-11-30 14:36:39,093 INFO org.springframework.boot.SpringApplication [main] No active profile set, falling back to default profiles: default
2022-11-30 14:36:40,596 INFO org.springframework.boot.web.embedded.tomcat.TomcatWebServer [main] Tomcat initialized with port(s): 8082 (http)
2022-11-30 14:36:40,630 INFO org.apache.juli.logging.DirectJDKLog [main] Initializing ProtocolHandler ["http-nio-8082"]
2022-11-30 14:36:40,633 INFO org.apache.juli.logging.DirectJDKLog [main] Starting service [Tomcat]
2022-11-30 14:36:40,641 INFO org.apache.juli.logging.DirectJDKLog [main] Starting Servlet engine: [Apache Tomcat/9.0.41]
2022-11-30 14:36:40,756 INFO org.apache.juli.logging.DirectJDKLog [main] Initializing Spring embedded WebApplicationContext
2022-11-30 14:36:40,758 INFO org.springframework.boot.web.servlet.context.ServletWebServerApplicationContext [main] Root WebApplicationContext: initialization completed in 1550 ms
2022-11-30 14:36:41,401 INFO org.springframework.scheduling.concurrent.ExecutorConfigurationSupport [main] Initializing ExecutorService 'applicationTaskExecutor'
2022-11-30 14:36:41,832 INFO org.apache.juli.logging.DirectJDKLog [main] Starting ProtocolHandler ["http-nio-8082"]
2022-11-30 14:36:41,917 INFO org.springframework.boot.web.embedded.tomcat.TomcatWebServer [main] Tomcat started on port(s): 8082 (http) with context path ''
2022-11-30 14:36:41,933 INFO org.springframework.boot.StartupInfoLogger [main] Started Application in 3.386 seconds (JVM running for 4.006)
2022-11-30 14:37:01,533 INFO org.apache.juli.logging.DirectJDKLog [http-nio-8082-exec-1] Initializing Spring DispatcherServlet 'dispatcherServlet'
2022-11-30 14:37:01,535 INFO org.springframework.web.servlet.FrameworkServlet [http-nio-8082-exec-1] Initializing Servlet 'dispatcherServlet'
2022-11-30 14:37:01,537 INFO org.springframework.web.servlet.FrameworkServlet [http-nio-8082-exec-1] Completed initialization in 1 ms
2022-11-30 14:37:01,631 INFO com.zaxxer.hikari.HikariDataSource [http-nio-8082-exec-1] HikariPool-1 - Starting...
2022-11-30 14:37:02,047 INFO com.zaxxer.hikari.HikariDataSource [http-nio-8082-exec-1] HikariPool-1 - Start completed.
2022-11-30 14:37:02,201 DEBUG net.sf.log4jdbc.log.slf4j.Slf4jSpyLogDelegator [http-nio-8082-exec-1]  com.zaxxer.hikari.pool.ProxyPreparedStatement.execute(ProxyPreparedStatement.java:44)
1. SELECT DEPT_CD AS GRP_CD , DEPT_NM AS GRP_NM
                 FROM T10B_DEPT
                WHERE USE_YN = 'Y'
                  AND DEPT_CD NOT IN ('3800','4100','9000')
                ORDER BY DEPT_SORT
 {executed in 48 msec}
2022-11-30 14:37:06,837 DEBUG net.sf.log4jdbc.log.slf4j.Slf4jSpyLogDelegator [http-nio-8082-exec-3]  com.zaxxer.hikari.pool.ProxyPreparedStatement.execute(ProxyPreparedStatement.java:44)
1. SELECT  EMP_NO , ENM , ENTR_DT
		    FROM  T10P_1010 
		   WHERE  GRP_CD = '3100'
             AND  RSGN_DT = ' ' 
             AND  RT_ID = '2'
           ORDER BY POS_CD,EMP_NO
 {executed in 5 msec}
2022-11-30 14:37:10,417 DEBUG net.sf.log4jdbc.log.slf4j.Slf4jSpyLogDelegator [http-nio-8082-exec-6]  com.zaxxer.hikari.pool.ProxyPreparedStatement.execute(ProxyPreparedStatement.java:44)
1. SELECT  EMP_NO , ENM , ENTR_DT
		    FROM  T10P_1010 
		   WHERE  GRP_CD = '3100'
             AND  RSGN_DT = ' ' 
             AND  RT_ID = '2'
           ORDER BY POS_CD,EMP_NO
 {executed in 6 msec}
2022-11-30 14:39:38,351 INFO org.springframework.boot.StartupInfoLogger [main] Starting Application using Java 17.0.4.1 on D2035 with PID 3980 (D:\hmd-reorder\backend\target\classes started by D2035 in D:\hmd-reorder)
2022-11-30 14:39:38,357 INFO org.springframework.boot.SpringApplication [main] No active profile set, falling back to default profiles: default
2022-11-30 14:39:39,741 INFO org.springframework.boot.web.embedded.tomcat.TomcatWebServer [main] Tomcat initialized with port(s): 8082 (http)
2022-11-30 14:39:39,751 INFO org.apache.juli.logging.DirectJDKLog [main] Initializing ProtocolHandler ["http-nio-8082"]
2022-11-30 14:39:39,763 INFO org.apache.juli.logging.DirectJDKLog [main] Starting service [Tomcat]
2022-11-30 14:39:39,766 INFO org.apache.juli.logging.DirectJDKLog [main] Starting Servlet engine: [Apache Tomcat/9.0.41]
2022-11-30 14:39:39,858 INFO org.apache.juli.logging.DirectJDKLog [main] Initializing Spring embedded WebApplicationContext
2022-11-30 14:39:39,859 INFO org.springframework.boot.web.servlet.context.ServletWebServerApplicationContext [main] Root WebApplicationContext: initialization completed in 1419 ms
2022-11-30 14:39:40,519 INFO org.springframework.scheduling.concurrent.ExecutorConfigurationSupport [main] Initializing ExecutorService 'applicationTaskExecutor'
2022-11-30 14:39:40,761 INFO org.apache.juli.logging.DirectJDKLog [main] Starting ProtocolHandler ["http-nio-8082"]
2022-11-30 14:39:40,821 INFO org.springframework.boot.web.embedded.tomcat.TomcatWebServer [main] Tomcat started on port(s): 8082 (http) with context path ''
2022-11-30 14:39:40,831 INFO org.springframework.boot.StartupInfoLogger [main] Started Application in 2.886 seconds (JVM running for 3.406)
2022-11-30 14:39:48,991 INFO org.apache.juli.logging.DirectJDKLog [http-nio-8082-exec-6] Initializing Spring DispatcherServlet 'dispatcherServlet'
2022-11-30 14:39:48,992 INFO org.springframework.web.servlet.FrameworkServlet [http-nio-8082-exec-6] Initializing Servlet 'dispatcherServlet'
2022-11-30 14:39:48,997 INFO org.springframework.web.servlet.FrameworkServlet [http-nio-8082-exec-6] Completed initialization in 4 ms
2022-11-30 14:39:49,084 INFO com.zaxxer.hikari.HikariDataSource [http-nio-8082-exec-6] HikariPool-1 - Starting...
2022-11-30 14:39:49,469 INFO com.zaxxer.hikari.HikariDataSource [http-nio-8082-exec-6] HikariPool-1 - Start completed.
2022-11-30 14:39:49,676 DEBUG net.sf.log4jdbc.log.slf4j.Slf4jSpyLogDelegator [http-nio-8082-exec-6]  com.zaxxer.hikari.pool.ProxyPreparedStatement.execute(ProxyPreparedStatement.java:44)
1. SELECT DEPT_CD AS GRP_CD , DEPT_NM AS GRP_NM
                 FROM T10B_DEPT
                WHERE USE_YN = 'Y'
                  AND DEPT_CD NOT IN ('3800','4100','9000')
                ORDER BY DEPT_SORT
 {executed in 51 msec}
2022-11-30 14:39:53,062 DEBUG net.sf.log4jdbc.log.slf4j.Slf4jSpyLogDelegator [http-nio-8082-exec-7]  com.zaxxer.hikari.pool.ProxyPreparedStatement.execute(ProxyPreparedStatement.java:44)
1. SELECT  EMP_NO , ENM , ENTR_DT
		    FROM  T10P_1010 
		   WHERE  GRP_CD = '3100'
             AND  RSGN_DT = ' ' 
             AND  RT_ID = '2'
           ORDER BY POS_CD,EMP_NO
 {executed in 4 msec}
2022-11-30 14:39:59,212 ERROR net.sf.log4jdbc.log.slf4j.Slf4jSpyLogDelegator [http-nio-8082-exec-5] 1. PreparedStatement.setNull(1, 1111)
java.sql.SQLException: Invalid column type: 1111
	at oracle.jdbc.driver.OracleStatement.getInternalType(OracleStatement.java:4121)
	at oracle.jdbc.driver.OraclePreparedStatement.setNullCritical(OraclePreparedStatement.java:4208)
	at oracle.jdbc.driver.OraclePreparedStatement.setNull(OraclePreparedStatement.java:4192)
	at oracle.jdbc.driver.OraclePreparedStatementWrapper.setNull(OraclePreparedStatementWrapper.java:1010)
	at net.sf.log4jdbc.sql.jdbcapi.PreparedStatementSpy.setNull(PreparedStatementSpy.java:266)
	at com.zaxxer.hikari.pool.HikariProxyPreparedStatement.setNull(HikariProxyPreparedStatement.java)
	at org.apache.ibatis.type.BaseTypeHandler.setParameter(BaseTypeHandler.java:65)
	at org.apache.ibatis.scripting.defaults.DefaultParameterHandler.setParameters(DefaultParameterHandler.java:87)
	at org.apache.ibatis.executor.statement.PreparedStatementHandler.parameterize(PreparedStatementHandler.java:94)
	at org.apache.ibatis.executor.statement.RoutingStatementHandler.parameterize(RoutingStatementHandler.java:64)
	at org.apache.ibatis.executor.SimpleExecutor.prepareStatement(SimpleExecutor.java:88)
	at org.apache.ibatis.executor.SimpleExecutor.doUpdate(SimpleExecutor.java:49)
	at org.apache.ibatis.executor.BaseExecutor.update(BaseExecutor.java:117)
	at org.apache.ibatis.executor.CachingExecutor.update(CachingExecutor.java:76)
	at org.apache.ibatis.session.defaults.DefaultSqlSession.update(DefaultSqlSession.java:197)
	at java.base/jdk.internal.reflect.NativeMethodAccessorImpl.invoke0(Native Method)
	at java.base/jdk.internal.reflect.NativeMethodAccessorImpl.invoke(Unknown Source)
	at java.base/jdk.internal.reflect.DelegatingMethodAccessorImpl.invoke(Unknown Source)
	at java.base/java.lang.reflect.Method.invoke(Unknown Source)
	at org.mybatis.spring.SqlSessionTemplate$SqlSessionInterceptor.invoke(SqlSessionTemplate.java:426)
	at jdk.proxy2/jdk.proxy2.$Proxy52.update(Unknown Source)
	at org.mybatis.spring.SqlSessionTemplate.update(SqlSessionTemplate.java:287)
	at org.apache.ibatis.binding.MapperMethod.execute(MapperMethod.java:67)
	at org.apache.ibatis.binding.MapperProxy$PlainMethodInvoker.invoke(MapperProxy.java:152)
	at org.apache.ibatis.binding.MapperProxy.invoke(MapperProxy.java:85)
	at jdk.proxy2/jdk.proxy2.$Proxy56.updateReorder(Unknown Source)
	at com.hmd.reorder.service.ReorderService.updateReorder(ReorderService.java:30)
	at com.hmd.reorder.controller.ReorderController.updateReorder(ReorderController.java:39)
	at java.base/jdk.internal.reflect.NativeMethodAccessorImpl.invoke0(Native Method)
	at java.base/jdk.internal.reflect.NativeMethodAccessorImpl.invoke(Unknown Source)
	at java.base/jdk.internal.reflect.DelegatingMethodAccessorImpl.invoke(Unknown Source)
	at java.base/java.lang.reflect.Method.invoke(Unknown Source)
	at org.springframework.web.method.support.InvocableHandlerMethod.doInvoke(InvocableHandlerMethod.java:197)
	at org.springframework.web.method.support.InvocableHandlerMethod.invokeForRequest(InvocableHandlerMethod.java:141)
	at org.springframework.web.servlet.mvc.method.annotation.ServletInvocableHandlerMethod.invokeAndHandle(ServletInvocableHandlerMethod.java:106)
	at org.springframework.web.servlet.mvc.method.annotation.RequestMappingHandlerAdapter.invokeHandlerMethod(RequestMappingHandlerAdapter.java:894)
	at org.springframework.web.servlet.mvc.method.annotation.RequestMappingHandlerAdapter.handleInternal(RequestMappingHandlerAdapter.java:808)
	at org.springframework.web.servlet.mvc.method.AbstractHandlerMethodAdapter.handle(AbstractHandlerMethodAdapter.java:87)
	at org.springframework.web.servlet.DispatcherServlet.doDispatch(DispatcherServlet.java:1061)
	at org.springframework.web.servlet.DispatcherServlet.doService(DispatcherServlet.java:961)
	at org.springframework.web.servlet.FrameworkServlet.processRequest(FrameworkServlet.java:1006)
	at org.springframework.web.servlet.FrameworkServlet.doPost(FrameworkServlet.java:909)
	at javax.servlet.http.HttpServlet.service(HttpServlet.java:652)
	at org.springframework.web.servlet.FrameworkServlet.service(FrameworkServlet.java:883)
	at javax.servlet.http.HttpServlet.service(HttpServlet.java:733)
	at org.apache.catalina.core.ApplicationFilterChain.internalDoFilter(ApplicationFilterChain.java:231)
	at org.apache.catalina.core.ApplicationFilterChain.doFilter(ApplicationFilterChain.java:166)
	at org.apache.tomcat.websocket.server.WsFilter.doFilter(WsFilter.java:53)
	at org.apache.catalina.core.ApplicationFilterChain.internalDoFilter(ApplicationFilterChain.java:193)
	at org.apache.catalina.core.ApplicationFilterChain.doFilter(ApplicationFilterChain.java:166)
	at org.springframework.web.filter.RequestContextFilter.doFilterInternal(RequestContextFilter.java:100)
	at org.springframework.web.filter.OncePerRequestFilter.doFilter(OncePerRequestFilter.java:119)
	at org.apache.catalina.core.ApplicationFilterChain.internalDoFilter(ApplicationFilterChain.java:193)
	at org.apache.catalina.core.ApplicationFilterChain.doFilter(ApplicationFilterChain.java:166)
	at org.springframework.web.filter.FormContentFilter.doFilterInternal(FormContentFilter.java:93)
	at org.springframework.web.filter.OncePerRequestFilter.doFilter(OncePerRequestFilter.java:119)
	at org.apache.catalina.core.ApplicationFilterChain.internalDoFilter(ApplicationFilterChain.java:193)
	at org.apache.catalina.core.ApplicationFilterChain.doFilter(ApplicationFilterChain.java:166)
	at org.springframework.web.filter.CharacterEncodingFilter.doFilterInternal(CharacterEncodingFilter.java:201)
	at org.springframework.web.filter.OncePerRequestFilter.doFilter(OncePerRequestFilter.java:119)
	at org.apache.catalina.core.ApplicationFilterChain.internalDoFilter(ApplicationFilterChain.java:193)
	at org.apache.catalina.core.ApplicationFilterChain.doFilter(ApplicationFilterChain.java:166)
	at org.apache.catalina.core.StandardWrapperValve.invoke(StandardWrapperValve.java:202)
	at org.apache.catalina.core.StandardContextValve.invoke(StandardContextValve.java:97)
	at org.apache.catalina.authenticator.AuthenticatorBase.invoke(AuthenticatorBase.java:542)
	at org.apache.catalina.core.StandardHostValve.invoke(StandardHostValve.java:143)
	at org.apache.catalina.valves.ErrorReportValve.invoke(ErrorReportValve.java:92)
	at org.apache.catalina.core.StandardEngineValve.invoke(StandardEngineValve.java:78)
	at org.apache.catalina.connector.CoyoteAdapter.service(CoyoteAdapter.java:343)
	at org.apache.coyote.http11.Http11Processor.service(Http11Processor.java:374)
	at org.apache.coyote.AbstractProcessorLight.process(AbstractProcessorLight.java:65)
	at org.apache.coyote.AbstractProtocol$ConnectionHandler.process(AbstractProtocol.java:888)
	at org.apache.tomcat.util.net.NioEndpoint$SocketProcessor.doRun(NioEndpoint.java:1597)
	at org.apache.tomcat.util.net.SocketProcessorBase.run(SocketProcessorBase.java:49)
	at java.base/java.util.concurrent.ThreadPoolExecutor.runWorker(Unknown Source)
	at java.base/java.util.concurrent.ThreadPoolExecutor$Worker.run(Unknown Source)
	at org.apache.tomcat.util.threads.TaskThread$WrappingRunnable.run(TaskThread.java:61)
	at java.base/java.lang.Thread.run(Unknown Source)
2022-11-30 14:39:59,240 ERROR org.apache.juli.logging.DirectJDKLog [http-nio-8082-exec-5] Servlet.service() for servlet [dispatcherServlet] in context with path [] threw exception [Request processing failed; nested exception is org.mybatis.spring.MyBatisSystemException: nested exception is org.apache.ibatis.type.TypeException: Could not set parameters for mapping: ParameterMapping{property='REORDER_QTY', mode=IN, javaType=class java.lang.Object, jdbcType=null, numericScale=null, resultMapId='null', jdbcTypeName='null', expression='null'}. Cause: org.apache.ibatis.type.TypeException: Error setting null for parameter #1 with JdbcType OTHER . Try setting a different JdbcType for this parameter or a different jdbcTypeForNull configuration property. Cause: java.sql.SQLException: Invalid column type: 1111] with root cause
java.sql.SQLException: Invalid column type: 1111
	at oracle.jdbc.driver.OracleStatement.getInternalType(OracleStatement.java:4121)
	at oracle.jdbc.driver.OraclePreparedStatement.setNullCritical(OraclePreparedStatement.java:4208)
	at oracle.jdbc.driver.OraclePreparedStatement.setNull(OraclePreparedStatement.java:4192)
	at oracle.jdbc.driver.OraclePreparedStatementWrapper.setNull(OraclePreparedStatementWrapper.java:1010)
	at net.sf.log4jdbc.sql.jdbcapi.PreparedStatementSpy.setNull(PreparedStatementSpy.java:266)
	at com.zaxxer.hikari.pool.HikariProxyPreparedStatement.setNull(HikariProxyPreparedStatement.java)
	at org.apache.ibatis.type.BaseTypeHandler.setParameter(BaseTypeHandler.java:65)
	at org.apache.ibatis.scripting.defaults.DefaultParameterHandler.setParameters(DefaultParameterHandler.java:87)
	at org.apache.ibatis.executor.statement.PreparedStatementHandler.parameterize(PreparedStatementHandler.java:94)
	at org.apache.ibatis.executor.statement.RoutingStatementHandler.parameterize(RoutingStatementHandler.java:64)
	at org.apache.ibatis.executor.SimpleExecutor.prepareStatement(SimpleExecutor.java:88)
	at org.apache.ibatis.executor.SimpleExecutor.doUpdate(SimpleExecutor.java:49)
	at org.apache.ibatis.executor.BaseExecutor.update(BaseExecutor.java:117)
	at org.apache.ibatis.executor.CachingExecutor.update(CachingExecutor.java:76)
	at org.apache.ibatis.session.defaults.DefaultSqlSession.update(DefaultSqlSession.java:197)
	at java.base/jdk.internal.reflect.NativeMethodAccessorImpl.invoke0(Native Method)
	at java.base/jdk.internal.reflect.NativeMethodAccessorImpl.invoke(Unknown Source)
	at java.base/jdk.internal.reflect.DelegatingMethodAccessorImpl.invoke(Unknown Source)
	at java.base/java.lang.reflect.Method.invoke(Unknown Source)
	at org.mybatis.spring.SqlSessionTemplate$SqlSessionInterceptor.invoke(SqlSessionTemplate.java:426)
	at jdk.proxy2/jdk.proxy2.$Proxy52.update(Unknown Source)
	at org.mybatis.spring.SqlSessionTemplate.update(SqlSessionTemplate.java:287)
	at org.apache.ibatis.binding.MapperMethod.execute(MapperMethod.java:67)
	at org.apache.ibatis.binding.MapperProxy$PlainMethodInvoker.invoke(MapperProxy.java:152)
	at org.apache.ibatis.binding.MapperProxy.invoke(MapperProxy.java:85)
	at jdk.proxy2/jdk.proxy2.$Proxy56.updateReorder(Unknown Source)
	at com.hmd.reorder.service.ReorderService.updateReorder(ReorderService.java:30)
	at com.hmd.reorder.controller.ReorderController.updateReorder(ReorderController.java:39)
	at java.base/jdk.internal.reflect.NativeMethodAccessorImpl.invoke0(Native Method)
	at java.base/jdk.internal.reflect.NativeMethodAccessorImpl.invoke(Unknown Source)
	at java.base/jdk.internal.reflect.DelegatingMethodAccessorImpl.invoke(Unknown Source)
	at java.base/java.lang.reflect.Method.invoke(Unknown Source)
	at org.springframework.web.method.support.InvocableHandlerMethod.doInvoke(InvocableHandlerMethod.java:197)
	at org.springframework.web.method.support.InvocableHandlerMethod.invokeForRequest(InvocableHandlerMethod.java:141)
	at org.springframework.web.servlet.mvc.method.annotation.ServletInvocableHandlerMethod.invokeAndHandle(ServletInvocableHandlerMethod.java:106)
	at org.springframework.web.servlet.mvc.method.annotation.RequestMappingHandlerAdapter.invokeHandlerMethod(RequestMappingHandlerAdapter.java:894)
	at org.springframework.web.servlet.mvc.method.annotation.RequestMappingHandlerAdapter.handleInternal(RequestMappingHandlerAdapter.java:808)
	at org.springframework.web.servlet.mvc.method.AbstractHandlerMethodAdapter.handle(AbstractHandlerMethodAdapter.java:87)
	at org.springframework.web.servlet.DispatcherServlet.doDispatch(DispatcherServlet.java:1061)
	at org.springframework.web.servlet.DispatcherServlet.doService(DispatcherServlet.java:961)
	at org.springframework.web.servlet.FrameworkServlet.processRequest(FrameworkServlet.java:1006)
	at org.springframework.web.servlet.FrameworkServlet.doPost(FrameworkServlet.java:909)
	at javax.servlet.http.HttpServlet.service(HttpServlet.java:652)
	at org.springframework.web.servlet.FrameworkServlet.service(FrameworkServlet.java:883)
	at javax.servlet.http.HttpServlet.service(HttpServlet.java:733)
	at org.apache.catalina.core.ApplicationFilterChain.internalDoFilter(ApplicationFilterChain.java:231)
	at org.apache.catalina.core.ApplicationFilterChain.doFilter(ApplicationFilterChain.java:166)
	at org.apache.tomcat.websocket.server.WsFilter.doFilter(WsFilter.java:53)
	at org.apache.catalina.core.ApplicationFilterChain.internalDoFilter(ApplicationFilterChain.java:193)
	at org.apache.catalina.core.ApplicationFilterChain.doFilter(ApplicationFilterChain.java:166)
	at org.springframework.web.filter.RequestContextFilter.doFilterInternal(RequestContextFilter.java:100)
	at org.springframework.web.filter.OncePerRequestFilter.doFilter(OncePerRequestFilter.java:119)
	at org.apache.catalina.core.ApplicationFilterChain.internalDoFilter(ApplicationFilterChain.java:193)
	at org.apache.catalina.core.ApplicationFilterChain.doFilter(ApplicationFilterChain.java:166)
	at org.springframework.web.filter.FormContentFilter.doFilterInternal(FormContentFilter.java:93)
	at org.springframework.web.filter.OncePerRequestFilter.doFilter(OncePerRequestFilter.java:119)
	at org.apache.catalina.core.ApplicationFilterChain.internalDoFilter(ApplicationFilterChain.java:193)
	at org.apache.catalina.core.ApplicationFilterChain.doFilter(ApplicationFilterChain.java:166)
	at org.springframework.web.filter.CharacterEncodingFilter.doFilterInternal(CharacterEncodingFilter.java:201)
	at org.springframework.web.filter.OncePerRequestFilter.doFilter(OncePerRequestFilter.java:119)
	at org.apache.catalina.core.ApplicationFilterChain.internalDoFilter(ApplicationFilterChain.java:193)
	at org.apache.catalina.core.ApplicationFilterChain.doFilter(ApplicationFilterChain.java:166)
	at org.apache.catalina.core.StandardWrapperValve.invoke(StandardWrapperValve.java:202)
	at org.apache.catalina.core.StandardContextValve.invoke(StandardContextValve.java:97)
	at org.apache.catalina.authenticator.AuthenticatorBase.invoke(AuthenticatorBase.java:542)
	at org.apache.catalina.core.StandardHostValve.invoke(StandardHostValve.java:143)
	at org.apache.catalina.valves.ErrorReportValve.invoke(ErrorReportValve.java:92)
	at org.apache.catalina.core.StandardEngineValve.invoke(StandardEngineValve.java:78)
	at org.apache.catalina.connector.CoyoteAdapter.service(CoyoteAdapter.java:343)
	at org.apache.coyote.http11.Http11Processor.service(Http11Processor.java:374)
	at org.apache.coyote.AbstractProcessorLight.process(AbstractProcessorLight.java:65)
	at org.apache.coyote.AbstractProtocol$ConnectionHandler.process(AbstractProtocol.java:888)
	at org.apache.tomcat.util.net.NioEndpoint$SocketProcessor.doRun(NioEndpoint.java:1597)
	at org.apache.tomcat.util.net.SocketProcessorBase.run(SocketProcessorBase.java:49)
	at java.base/java.util.concurrent.ThreadPoolExecutor.runWorker(Unknown Source)
	at java.base/java.util.concurrent.ThreadPoolExecutor$Worker.run(Unknown Source)
	at org.apache.tomcat.util.threads.TaskThread$WrappingRunnable.run(TaskThread.java:61)
	at java.base/java.lang.Thread.run(Unknown Source)
2022-11-30 14:40:26,281 INFO org.springframework.boot.StartupInfoLogger [main] Starting Application using Java 17.0.4.1 on D2035 with PID 15500 (D:\hmd-reorder\backend\target\classes started by D2035 in D:\hmd-reorder)
2022-11-30 14:40:26,299 INFO org.springframework.boot.SpringApplication [main] No active profile set, falling back to default profiles: default
2022-11-30 14:40:28,184 INFO org.springframework.boot.web.embedded.tomcat.TomcatWebServer [main] Tomcat initialized with port(s): 8082 (http)
2022-11-30 14:40:28,208 INFO org.apache.juli.logging.DirectJDKLog [main] Initializing ProtocolHandler ["http-nio-8082"]
2022-11-30 14:40:28,213 INFO org.apache.juli.logging.DirectJDKLog [main] Starting service [Tomcat]
2022-11-30 14:40:28,220 INFO org.apache.juli.logging.DirectJDKLog [main] Starting Servlet engine: [Apache Tomcat/9.0.41]
2022-11-30 14:40:28,333 INFO org.apache.juli.logging.DirectJDKLog [main] Initializing Spring embedded WebApplicationContext
2022-11-30 14:40:28,333 INFO org.springframework.boot.web.servlet.context.ServletWebServerApplicationContext [main] Root WebApplicationContext: initialization completed in 1916 ms
2022-11-30 14:40:29,020 INFO org.springframework.scheduling.concurrent.ExecutorConfigurationSupport [main] Initializing ExecutorService 'applicationTaskExecutor'
2022-11-30 14:40:29,464 INFO org.apache.juli.logging.DirectJDKLog [main] Starting ProtocolHandler ["http-nio-8082"]
2022-11-30 14:40:29,572 INFO org.springframework.boot.web.embedded.tomcat.TomcatWebServer [main] Tomcat started on port(s): 8082 (http) with context path ''
2022-11-30 14:40:29,589 INFO org.springframework.boot.StartupInfoLogger [main] Started Application in 3.767 seconds (JVM running for 4.298)
2022-11-30 14:40:39,836 INFO org.apache.juli.logging.DirectJDKLog [http-nio-8082-exec-6] Initializing Spring DispatcherServlet 'dispatcherServlet'
2022-11-30 14:40:39,837 INFO org.springframework.web.servlet.FrameworkServlet [http-nio-8082-exec-6] Initializing Servlet 'dispatcherServlet'
2022-11-30 14:40:39,839 INFO org.springframework.web.servlet.FrameworkServlet [http-nio-8082-exec-6] Completed initialization in 2 ms
2022-11-30 14:40:39,907 INFO com.zaxxer.hikari.HikariDataSource [http-nio-8082-exec-6] HikariPool-1 - Starting...
2022-11-30 14:40:40,210 INFO com.zaxxer.hikari.HikariDataSource [http-nio-8082-exec-6] HikariPool-1 - Start completed.
2022-11-30 14:40:40,344 DEBUG net.sf.log4jdbc.log.slf4j.Slf4jSpyLogDelegator [http-nio-8082-exec-6]  com.zaxxer.hikari.pool.ProxyPreparedStatement.execute(ProxyPreparedStatement.java:44)
1. SELECT DEPT_CD AS GRP_CD , DEPT_NM AS GRP_NM
                 FROM T10B_DEPT
                WHERE USE_YN = 'Y'
                  AND DEPT_CD NOT IN ('3800','4100','9000')
                ORDER BY DEPT_SORT
 {executed in 47 msec}
2022-11-30 14:41:10,270 DEBUG net.sf.log4jdbc.log.slf4j.Slf4jSpyLogDelegator [http-nio-8082-exec-7]  com.zaxxer.hikari.pool.ProxyPreparedStatement.execute(ProxyPreparedStatement.java:44)
1. SELECT  EMP_NO , ENM , ENTR_DT
		    FROM  T10P_1010 
		   WHERE  GRP_CD = '3100'
             AND  RSGN_DT = ' ' 
             AND  RT_ID = '2'
           ORDER BY POS_CD,EMP_NO
 {executed in 5 msec}
2022-11-30 14:41:18,489 DEBUG net.sf.log4jdbc.log.slf4j.Slf4jSpyLogDelegator [http-nio-8082-exec-9]  com.zaxxer.hikari.pool.ProxyPreparedStatement.execute(ProxyPreparedStatement.java:44)
1. SELECT  EMP_NO , ENM , ENTR_DT
		    FROM  T10P_1010 
		   WHERE  GRP_CD = '3100'
             AND  RSGN_DT = ' ' 
             AND  RT_ID = '2'
           ORDER BY POS_CD,EMP_NO
 {executed in 4 msec}
2022-11-30 14:46:30,255 INFO org.springframework.boot.StartupInfoLogger [main] Starting Application using Java 17.0.4.1 on D2035 with PID 11424 (D:\hmd-reorder\backend\target\classes started by D2035 in D:\hmd-reorder)
2022-11-30 14:46:30,262 INFO org.springframework.boot.SpringApplication [main] No active profile set, falling back to default profiles: default
2022-11-30 14:46:31,780 INFO org.springframework.boot.web.embedded.tomcat.TomcatWebServer [main] Tomcat initialized with port(s): 8082 (http)
2022-11-30 14:46:31,796 INFO org.apache.juli.logging.DirectJDKLog [main] Initializing ProtocolHandler ["http-nio-8082"]
2022-11-30 14:46:31,797 INFO org.apache.juli.logging.DirectJDKLog [main] Starting service [Tomcat]
2022-11-30 14:46:31,799 INFO org.apache.juli.logging.DirectJDKLog [main] Starting Servlet engine: [Apache Tomcat/9.0.41]
2022-11-30 14:46:31,912 INFO org.apache.juli.logging.DirectJDKLog [main] Initializing Spring embedded WebApplicationContext
2022-11-30 14:46:31,913 INFO org.springframework.boot.web.servlet.context.ServletWebServerApplicationContext [main] Root WebApplicationContext: initialization completed in 1578 ms
2022-11-30 14:46:32,515 INFO org.springframework.scheduling.concurrent.ExecutorConfigurationSupport [main] Initializing ExecutorService 'applicationTaskExecutor'
2022-11-30 14:46:32,779 INFO org.apache.juli.logging.DirectJDKLog [main] Starting ProtocolHandler ["http-nio-8082"]
2022-11-30 14:46:32,876 INFO org.springframework.boot.web.embedded.tomcat.TomcatWebServer [main] Tomcat started on port(s): 8082 (http) with context path ''
2022-11-30 14:46:32,941 INFO org.springframework.boot.StartupInfoLogger [main] Started Application in 3.192 seconds (JVM running for 3.788)
2022-11-30 14:47:03,077 INFO org.apache.juli.logging.DirectJDKLog [http-nio-8082-exec-5] Initializing Spring DispatcherServlet 'dispatcherServlet'
2022-11-30 14:47:03,078 INFO org.springframework.web.servlet.FrameworkServlet [http-nio-8082-exec-5] Initializing Servlet 'dispatcherServlet'
2022-11-30 14:47:03,080 INFO org.springframework.web.servlet.FrameworkServlet [http-nio-8082-exec-5] Completed initialization in 1 ms
2022-11-30 14:47:03,211 INFO com.zaxxer.hikari.HikariDataSource [http-nio-8082-exec-5] HikariPool-1 - Starting...
2022-11-30 14:47:03,527 INFO com.zaxxer.hikari.HikariDataSource [http-nio-8082-exec-5] HikariPool-1 - Start completed.
2022-11-30 14:47:03,634 DEBUG net.sf.log4jdbc.log.slf4j.Slf4jSpyLogDelegator [http-nio-8082-exec-5]  com.zaxxer.hikari.pool.ProxyPreparedStatement.execute(ProxyPreparedStatement.java:44)
1. SELECT  EMP_NO , ENM , ENTR_DT
		    FROM  T10P_1010 
		   WHERE  GRP_CD = '3100'
             AND  RSGN_DT = ' ' 
             AND  RT_ID = '2'
           ORDER BY POS_CD,EMP_NO
 {executed in 35 msec}
2022-11-30 14:52:42,015 DEBUG net.sf.log4jdbc.log.slf4j.Slf4jSpyLogDelegator [http-nio-8082-exec-6]  com.zaxxer.hikari.pool.ProxyPreparedStatement.execute(ProxyPreparedStatement.java:44)
1. SELECT DEPT_CD AS GRP_CD , DEPT_NM AS GRP_NM
                 FROM T10B_DEPT
                WHERE USE_YN = 'Y'
                  AND DEPT_CD NOT IN ('3800','4100','9000')
                ORDER BY DEPT_SORT
 {executed in 1 msec}
2022-11-30 15:00:32,991 DEBUG net.sf.log4jdbc.log.slf4j.Slf4jSpyLogDelegator [http-nio-8082-exec-3]  com.zaxxer.hikari.pool.ProxyPreparedStatement.execute(ProxyPreparedStatement.java:44)
1. SELECT  EMP_NO , ENM , ENTR_DT
		    FROM  T10P_1010 
		   WHERE  GRP_CD = '4600'
             AND  RSGN_DT = ' ' 
             AND  RT_ID = '2'
           ORDER BY POS_CD,EMP_NO
 {executed in 5 msec}
2022-11-30 15:01:01,211 DEBUG net.sf.log4jdbc.log.slf4j.Slf4jSpyLogDelegator [http-nio-8082-exec-8]  com.zaxxer.hikari.pool.ProxyPreparedStatement.execute(ProxyPreparedStatement.java:44)
1. SELECT DEPT_CD AS GRP_CD , DEPT_NM AS GRP_NM
                 FROM T10B_DEPT
                WHERE USE_YN = 'Y'
                  AND DEPT_CD NOT IN ('3800','4100','9000')
                ORDER BY DEPT_SORT
 {executed in 2 msec}
2022-11-30 15:01:03,685 DEBUG net.sf.log4jdbc.log.slf4j.Slf4jSpyLogDelegator [http-nio-8082-exec-1]  com.zaxxer.hikari.pool.ProxyPreparedStatement.execute(ProxyPreparedStatement.java:44)
1. SELECT  EMP_NO , ENM , ENTR_DT
		    FROM  T10P_1010 
		   WHERE  GRP_CD = '3100'
             AND  RSGN_DT = ' ' 
             AND  RT_ID = '2'
           ORDER BY POS_CD,EMP_NO
 {executed in 5 msec}
2022-11-30 15:01:41,368 DEBUG net.sf.log4jdbc.log.slf4j.Slf4jSpyLogDelegator [http-nio-8082-exec-4]  com.zaxxer.hikari.pool.ProxyPreparedStatement.execute(ProxyPreparedStatement.java:44)
1. SELECT DEPT_CD AS GRP_CD , DEPT_NM AS GRP_NM
                 FROM T10B_DEPT
                WHERE USE_YN = 'Y'
                  AND DEPT_CD NOT IN ('3800','4100','9000')
                ORDER BY DEPT_SORT
 {executed in 1 msec}
2022-11-30 15:01:46,066 DEBUG net.sf.log4jdbc.log.slf4j.Slf4jSpyLogDelegator [http-nio-8082-exec-10]  com.zaxxer.hikari.pool.ProxyPreparedStatement.execute(ProxyPreparedStatement.java:44)
1. SELECT DEPT_CD AS GRP_CD , DEPT_NM AS GRP_NM
                 FROM T10B_DEPT
                WHERE USE_YN = 'Y'
                  AND DEPT_CD NOT IN ('3800','4100','9000')
                ORDER BY DEPT_SORT
 {executed in 1 msec}
2022-11-30 15:01:49,307 DEBUG net.sf.log4jdbc.log.slf4j.Slf4jSpyLogDelegator [http-nio-8082-exec-2]  com.zaxxer.hikari.pool.ProxyPreparedStatement.execute(ProxyPreparedStatement.java:44)
1. SELECT  EMP_NO , ENM , ENTR_DT
		    FROM  T10P_1010 
		   WHERE  GRP_CD = '3100'
             AND  RSGN_DT = ' ' 
             AND  RT_ID = '2'
           ORDER BY POS_CD,EMP_NO
 {executed in 4 msec}
2022-11-30 15:12:14,536 DEBUG net.sf.log4jdbc.log.slf4j.Slf4jSpyLogDelegator [http-nio-8082-exec-7]  com.zaxxer.hikari.pool.ProxyPreparedStatement.execute(ProxyPreparedStatement.java:44)
1. SELECT DEPT_CD AS GRP_CD , DEPT_NM AS GRP_NM
                 FROM T10B_DEPT
                WHERE USE_YN = 'Y'
                  AND DEPT_CD NOT IN ('3800','4100','9000')
                ORDER BY DEPT_SORT
 {executed in 2 msec}
2022-11-30 15:17:25,353 DEBUG net.sf.log4jdbc.log.slf4j.Slf4jSpyLogDelegator [http-nio-8082-exec-9]  com.zaxxer.hikari.pool.ProxyPreparedStatement.execute(ProxyPreparedStatement.java:44)
11. SELECT DEPT_CD AS GRP_CD , DEPT_NM AS GRP_NM
                 FROM T10B_DEPT
                WHERE USE_YN = 'Y'
                  AND DEPT_CD NOT IN ('3800','4100','9000')
                ORDER BY DEPT_SORT
 {executed in 3 msec}
2022-11-30 15:34:59,015 INFO org.springframework.boot.StartupInfoLogger [main] Starting Application using Java 17.0.4.1 on D2035 with PID 12956 (D:\hmd-reorder\backend\target\classes started by D2035 in D:\hmd-reorder)
2022-11-30 15:34:59,029 INFO org.springframework.boot.SpringApplication [main] No active profile set, falling back to default profiles: default
2022-11-30 15:35:00,554 INFO org.springframework.boot.web.embedded.tomcat.TomcatWebServer [main] Tomcat initialized with port(s): 8082 (http)
2022-11-30 15:35:00,568 INFO org.apache.juli.logging.DirectJDKLog [main] Initializing ProtocolHandler ["http-nio-8082"]
2022-11-30 15:35:00,570 INFO org.apache.juli.logging.DirectJDKLog [main] Starting service [Tomcat]
2022-11-30 15:35:00,571 INFO org.apache.juli.logging.DirectJDKLog [main] Starting Servlet engine: [Apache Tomcat/9.0.41]
2022-11-30 15:35:00,651 INFO org.apache.juli.logging.DirectJDKLog [main] Initializing Spring embedded WebApplicationContext
2022-11-30 15:35:00,651 INFO org.springframework.boot.web.servlet.context.ServletWebServerApplicationContext [main] Root WebApplicationContext: initialization completed in 1553 ms
2022-11-30 15:35:01,229 INFO org.springframework.scheduling.concurrent.ExecutorConfigurationSupport [main] Initializing ExecutorService 'applicationTaskExecutor'
2022-11-30 15:35:01,472 INFO org.apache.juli.logging.DirectJDKLog [main] Starting ProtocolHandler ["http-nio-8082"]
2022-11-30 15:35:01,570 INFO org.springframework.boot.web.embedded.tomcat.TomcatWebServer [main] Tomcat started on port(s): 8082 (http) with context path ''
2022-11-30 15:35:01,590 INFO org.springframework.boot.StartupInfoLogger [main] Started Application in 2.993 seconds (JVM running for 4.351)
2022-11-30 15:35:12,185 INFO org.apache.juli.logging.DirectJDKLog [http-nio-8082-exec-1] Initializing Spring DispatcherServlet 'dispatcherServlet'
2022-11-30 15:35:12,187 INFO org.springframework.web.servlet.FrameworkServlet [http-nio-8082-exec-1] Initializing Servlet 'dispatcherServlet'
2022-11-30 15:35:12,202 INFO org.springframework.web.servlet.FrameworkServlet [http-nio-8082-exec-1] Completed initialization in 4 ms
2022-11-30 15:35:12,372 INFO com.zaxxer.hikari.HikariDataSource [http-nio-8082-exec-2] HikariPool-1 - Starting...
2022-11-30 15:35:12,676 INFO com.zaxxer.hikari.HikariDataSource [http-nio-8082-exec-2] HikariPool-1 - Start completed.
2022-11-30 15:35:12,802 DEBUG net.sf.log4jdbc.log.slf4j.Slf4jSpyLogDelegator [http-nio-8082-exec-2]  com.zaxxer.hikari.pool.ProxyPreparedStatement.execute(ProxyPreparedStatement.java:44)
1. SELECT  EMP_NO , ENM , ENTR_DT
		    FROM  T10P_1010 
		   WHERE  GRP_CD = '3100'
             AND  RSGN_DT = ' ' 
             AND  RT_ID = '2'
           ORDER BY POS_CD,EMP_NO
 {executed in 39 msec}
2022-11-30 15:35:40,028 DEBUG net.sf.log4jdbc.log.slf4j.Slf4jSpyLogDelegator [http-nio-8082-exec-4]  com.zaxxer.hikari.pool.ProxyPreparedStatement.execute(ProxyPreparedStatement.java:44)
1. SELECT DEPT_CD AS GRP_CD , DEPT_NM AS GRP_NM
                 FROM T10B_DEPT
                WHERE USE_YN = 'Y'
                  AND DEPT_CD NOT IN ('3800','4100','9000')
                ORDER BY DEPT_SORT
 {executed in 2 msec}
2022-11-30 15:35:43,977 DEBUG net.sf.log4jdbc.log.slf4j.Slf4jSpyLogDelegator [http-nio-8082-exec-5]  com.zaxxer.hikari.pool.ProxyPreparedStatement.execute(ProxyPreparedStatement.java:44)
1. SELECT  EMP_NO , ENM , ENTR_DT
		    FROM  T10P_1010 
		   WHERE  GRP_CD = '3100'
             AND  RSGN_DT = ' ' 
             AND  RT_ID = '2'
           ORDER BY POS_CD,EMP_NO
 {executed in 3 msec}
2022-11-30 15:35:58,870 DEBUG net.sf.log4jdbc.log.slf4j.Slf4jSpyLogDelegator [http-nio-8082-exec-9]  com.zaxxer.hikari.pool.ProxyPreparedStatement.execute(ProxyPreparedStatement.java:44)
1. SELECT  EMP_NO , ENM , ENTR_DT
		    FROM  T10P_1010 
		   WHERE  GRP_CD = '3100'
             AND  RSGN_DT = ' ' 
             AND  RT_ID = '2'
           ORDER BY POS_CD,EMP_NO
 {executed in 4 msec}
2022-11-30 15:36:22,524 DEBUG net.sf.log4jdbc.log.slf4j.Slf4jSpyLogDelegator [http-nio-8082-exec-10]  com.zaxxer.hikari.pool.ProxyPreparedStatement.execute(ProxyPreparedStatement.java:44)
1. SELECT DEPT_CD AS GRP_CD , DEPT_NM AS GRP_NM
                 FROM T10B_DEPT
                WHERE USE_YN = 'Y'
                  AND DEPT_CD NOT IN ('3800','4100','9000')
                ORDER BY DEPT_SORT
 {executed in 2 msec}
2022-11-30 15:36:44,434 DEBUG net.sf.log4jdbc.log.slf4j.Slf4jSpyLogDelegator [http-nio-8082-exec-2]  com.zaxxer.hikari.pool.ProxyPreparedStatement.execute(ProxyPreparedStatement.java:44)
1. SELECT DEPT_CD AS GRP_CD , DEPT_NM AS GRP_NM
                 FROM T10B_DEPT
                WHERE USE_YN = 'Y'
                  AND DEPT_CD NOT IN ('3800','4100','9000')
                ORDER BY DEPT_SORT
 {executed in 2 msec}
2022-11-30 15:37:08,841 DEBUG net.sf.log4jdbc.log.slf4j.Slf4jSpyLogDelegator [http-nio-8082-exec-4]  com.zaxxer.hikari.pool.ProxyPreparedStatement.execute(ProxyPreparedStatement.java:44)
1. SELECT DEPT_CD AS GRP_CD , DEPT_NM AS GRP_NM
                 FROM T10B_DEPT
                WHERE USE_YN = 'Y'
                  AND DEPT_CD NOT IN ('3800','4100','9000')
                ORDER BY DEPT_SORT
 {executed in 2 msec}
2022-11-30 15:37:12,552 DEBUG net.sf.log4jdbc.log.slf4j.Slf4jSpyLogDelegator [http-nio-8082-exec-5]  com.zaxxer.hikari.pool.ProxyPreparedStatement.execute(ProxyPreparedStatement.java:44)
1. SELECT  EMP_NO , ENM , ENTR_DT
		    FROM  T10P_1010 
		   WHERE  GRP_CD = '3100'
             AND  RSGN_DT = ' ' 
             AND  RT_ID = '2'
           ORDER BY POS_CD,EMP_NO
 {executed in 3 msec}
2022-11-30 15:37:36,178 DEBUG net.sf.log4jdbc.log.slf4j.Slf4jSpyLogDelegator [http-nio-8082-exec-7]  com.zaxxer.hikari.pool.ProxyPreparedStatement.execute(ProxyPreparedStatement.java:44)
1. SELECT DEPT_CD AS GRP_CD , DEPT_NM AS GRP_NM
                 FROM T10B_DEPT
                WHERE USE_YN = 'Y'
                  AND DEPT_CD NOT IN ('3800','4100','9000')
                ORDER BY DEPT_SORT
 {executed in 2 msec}
2022-11-30 15:37:41,209 DEBUG net.sf.log4jdbc.log.slf4j.Slf4jSpyLogDelegator [http-nio-8082-exec-9]  com.zaxxer.hikari.pool.ProxyPreparedStatement.execute(ProxyPreparedStatement.java:44)
1. SELECT DEPT_CD AS GRP_CD , DEPT_NM AS GRP_NM
                 FROM T10B_DEPT
                WHERE USE_YN = 'Y'
                  AND DEPT_CD NOT IN ('3800','4100','9000')
                ORDER BY DEPT_SORT
 {executed in 3 msec}
2022-11-30 15:37:45,787 DEBUG net.sf.log4jdbc.log.slf4j.Slf4jSpyLogDelegator [http-nio-8082-exec-10]  com.zaxxer.hikari.pool.ProxyPreparedStatement.execute(ProxyPreparedStatement.java:44)
1. SELECT  EMP_NO , ENM , ENTR_DT
		    FROM  T10P_1010 
		   WHERE  GRP_CD = '3100'
             AND  RSGN_DT = ' ' 
             AND  RT_ID = '2'
           ORDER BY POS_CD,EMP_NO
 {executed in 6 msec}
2022-11-30 15:52:57,838 DEBUG net.sf.log4jdbc.log.slf4j.Slf4jSpyLogDelegator [http-nio-8082-exec-2]  com.zaxxer.hikari.pool.ProxyPreparedStatement.execute(ProxyPreparedStatement.java:44)
1. SELECT DEPT_CD AS GRP_CD , DEPT_NM AS GRP_NM
                 FROM T10B_DEPT
                WHERE USE_YN = 'Y'
                  AND DEPT_CD NOT IN ('3800','4100','9000')
                ORDER BY DEPT_SORT
 {executed in 6 msec}
2022-11-30 15:53:04,806 DEBUG net.sf.log4jdbc.log.slf4j.Slf4jSpyLogDelegator [http-nio-8082-exec-4]  com.zaxxer.hikari.pool.ProxyPreparedStatement.execute(ProxyPreparedStatement.java:44)
1. SELECT DEPT_CD AS GRP_CD , DEPT_NM AS GRP_NM
                 FROM T10B_DEPT
                WHERE USE_YN = 'Y'
                  AND DEPT_CD NOT IN ('3800','4100','9000')
                ORDER BY DEPT_SORT
 {executed in 2 msec}
2022-11-30 15:53:14,326 DEBUG net.sf.log4jdbc.log.slf4j.Slf4jSpyLogDelegator [http-nio-8082-exec-6]  com.zaxxer.hikari.pool.ProxyPreparedStatement.execute(ProxyPreparedStatement.java:44)
1. SELECT  EMP_NO , ENM , ENTR_DT
		    FROM  T10P_1010 
		   WHERE  GRP_CD = '3100'
             AND  RSGN_DT = ' ' 
             AND  RT_ID = '2'
           ORDER BY POS_CD,EMP_NO
 {executed in 7 msec}
2022-11-30 15:53:46,764 DEBUG net.sf.log4jdbc.log.slf4j.Slf4jSpyLogDelegator [http-nio-8082-exec-9]  com.zaxxer.hikari.pool.ProxyPreparedStatement.execute(ProxyPreparedStatement.java:44)
1. SELECT DEPT_CD AS GRP_CD , DEPT_NM AS GRP_NM
                 FROM T10B_DEPT
                WHERE USE_YN = 'Y'
                  AND DEPT_CD NOT IN ('3800','4100','9000')
                ORDER BY DEPT_SORT
 {executed in 2 msec}
